;  LST file generated by mikroListExporter - v.2.0 
; Date/Time: 12/17/2013 12:20:23 AM
;----------------------------------------------

;Address Opcode 	ASM
0x0000	0x2B7D      	GOTO       893
_interrupt:
0x0004	0x00FF      	MOVWF      R15
0x0005	0x0E03      	SWAPF      STATUS, 0
0x0006	0x0183      	CLRF       STATUS
0x0007	0x1683      	BSF        STATUS, 5
0x0008	0x00EC      	MOVWF      ___saveSTATUS
0x0009	0x080A      	MOVF       PCLATH, 0
0x000A	0x00ED      	MOVWF      ___savePCLATH
0x000B	0x018A      	CLRF       PCLATH
;security.c,23 :: 		void interrupt(void)
;security.c,25 :: 		if(INTCON.RBIF==1)
0x000C	0x1C0B      	BTFSS      INTCON, 0
0x000D	0x280F      	GOTO       L_interrupt0
;security.c,27 :: 		RBINT_ISR();
0x000E	0x2377      	CALL       _RBINT_ISR
;security.c,28 :: 		}
L_interrupt0:
;security.c,29 :: 		}
L__interrupt32:
0x000F	0x1683      	BSF        STATUS, 5
0x0010	0x086D      	MOVF       ___savePCLATH, 0
0x0011	0x008A      	MOVWF      PCLATH
0x0012	0x0E6C      	SWAPF      ___saveSTATUS, 0
0x0013	0x0083      	MOVWF      STATUS
0x0014	0x0EFF      	SWAPF      R15, 1
0x0015	0x0E7F      	SWAPF      R15, 0
0x0016	0x0009      	RETFIE
; end of _interrupt
_Delay_50us:
;__Lib_Delays.c,19 :: 		void Delay_50us() {
;__Lib_Delays.c,20 :: 		Delay_us(50);
0x0017	0x3029      	MOVLW      41
0x0018	0x1283      	BCF        STATUS, 5
0x0019	0x1303      	BCF        STATUS, 6
0x001A	0x00FD      	MOVWF      R13
L_Delay_50us2:
0x001B	0x0BFD      	DECFSZ     R13, 1
0x001C	0x281B      	GOTO       L_Delay_50us2
0x001D	0x0000      	NOP
;__Lib_Delays.c,21 :: 		}
0x001E	0x0008      	RETURN
; end of _Delay_50us
_Delay_1us:
;__Lib_Delays.c,7 :: 		void Delay_1us() {
;__Lib_Delays.c,8 :: 		Delay_us(1);
0x001F	0x0000      	NOP
0x0020	0x0000      	NOP
;__Lib_Delays.c,9 :: 		}
0x0021	0x0008      	RETURN
; end of _Delay_1us
_Delay_5500us:
;__Lib_Delays.c,31 :: 		void Delay_5500us() {
;__Lib_Delays.c,32 :: 		Delay_us(5500);
0x0022	0x3012      	MOVLW      18
0x0023	0x1283      	BCF        STATUS, 5
0x0024	0x1303      	BCF        STATUS, 6
0x0025	0x00FC      	MOVWF      R12
0x0026	0x30DA      	MOVLW      218
0x0027	0x00FD      	MOVWF      R13
L_Delay_5500us5:
0x0028	0x0BFD      	DECFSZ     R13, 1
0x0029	0x2828      	GOTO       L_Delay_5500us5
0x002A	0x0BFC      	DECFSZ     R12, 1
0x002B	0x2828      	GOTO       L_Delay_5500us5
0x002C	0x0000      	NOP
;__Lib_Delays.c,33 :: 		}
0x002D	0x0008      	RETURN
; end of _Delay_5500us
_Lcd_Cmd:
;__Lib_Lcd.c,18 :: 		
;__Lib_Lcd.c,20 :: 		
0x002E	0x1283      	BCF        STATUS, 5
0x002F	0x1703      	BSF        STATUS, 6
0x0030	0x1B94      	BTFSC      FARG_Lcd_Cmd_out_char, 7
0x0031	0x2835      	GOTO       L__Lcd_Cmd20
0x0032	0x1303      	BCF        STATUS, 6
0x0033	0x1187      	BCF        LCD_D7, BitPos(LCD_D7+0)
0x0034	0x2837      	GOTO       L__Lcd_Cmd21
L__Lcd_Cmd20:
0x0035	0x1303      	BCF        STATUS, 6
0x0036	0x1587      	BSF        LCD_D7, BitPos(LCD_D7+0)
L__Lcd_Cmd21:
;__Lib_Lcd.c,21 :: 		
0x0037	0x1703      	BSF        STATUS, 6
0x0038	0x1B14      	BTFSC      FARG_Lcd_Cmd_out_char, 6
0x0039	0x283D      	GOTO       L__Lcd_Cmd22
0x003A	0x1303      	BCF        STATUS, 6
0x003B	0x1107      	BCF        LCD_D6, BitPos(LCD_D6+0)
0x003C	0x283F      	GOTO       L__Lcd_Cmd23
L__Lcd_Cmd22:
0x003D	0x1303      	BCF        STATUS, 6
0x003E	0x1507      	BSF        LCD_D6, BitPos(LCD_D6+0)
L__Lcd_Cmd23:
;__Lib_Lcd.c,22 :: 		
0x003F	0x1703      	BSF        STATUS, 6
0x0040	0x1A94      	BTFSC      FARG_Lcd_Cmd_out_char, 5
0x0041	0x2845      	GOTO       L__Lcd_Cmd24
0x0042	0x1303      	BCF        STATUS, 6
0x0043	0x1087      	BCF        LCD_D5, BitPos(LCD_D5+0)
0x0044	0x2847      	GOTO       L__Lcd_Cmd25
L__Lcd_Cmd24:
0x0045	0x1303      	BCF        STATUS, 6
0x0046	0x1487      	BSF        LCD_D5, BitPos(LCD_D5+0)
L__Lcd_Cmd25:
;__Lib_Lcd.c,23 :: 		
0x0047	0x1703      	BSF        STATUS, 6
0x0048	0x1A14      	BTFSC      FARG_Lcd_Cmd_out_char, 4
0x0049	0x284D      	GOTO       L__Lcd_Cmd26
0x004A	0x1303      	BCF        STATUS, 6
0x004B	0x1007      	BCF        LCD_D4, BitPos(LCD_D4+0)
0x004C	0x284F      	GOTO       L__Lcd_Cmd27
L__Lcd_Cmd26:
0x004D	0x1303      	BCF        STATUS, 6
0x004E	0x1407      	BSF        LCD_D4, BitPos(LCD_D4+0)
L__Lcd_Cmd27:
;__Lib_Lcd.c,25 :: 		
0x004F	0x1683      	BSF        STATUS, 5
0x0050	0x1869      	BTFSC      __Lib_Lcd_cmd_status, BitPos(__Lib_Lcd_cmd_status+0)
0x0051	0x2855      	GOTO       L__Lcd_Cmd28
0x0052	0x1283      	BCF        STATUS, 5
0x0053	0x1607      	BSF        LCD_RS, BitPos(LCD_RS+0)
0x0054	0x2857      	GOTO       L__Lcd_Cmd29
L__Lcd_Cmd28:
0x0055	0x1283      	BCF        STATUS, 5
0x0056	0x1207      	BCF        LCD_RS, BitPos(LCD_RS+0)
L__Lcd_Cmd29:
;__Lib_Lcd.c,28 :: 		
0x0057	0x1687      	BSF        LCD_EN, BitPos(LCD_EN+0)
;__Lib_Lcd.c,29 :: 		
0x0058	0x201F      	CALL       _Delay_1us
;__Lib_Lcd.c,30 :: 		
0x0059	0x1287      	BCF        LCD_EN, BitPos(LCD_EN+0)
;__Lib_Lcd.c,33 :: 		
0x005A	0x1703      	BSF        STATUS, 6
0x005B	0x1994      	BTFSC      FARG_Lcd_Cmd_out_char, 3
0x005C	0x2860      	GOTO       L__Lcd_Cmd30
0x005D	0x1303      	BCF        STATUS, 6
0x005E	0x1187      	BCF        LCD_D7, BitPos(LCD_D7+0)
0x005F	0x2862      	GOTO       L__Lcd_Cmd31
L__Lcd_Cmd30:
0x0060	0x1303      	BCF        STATUS, 6
0x0061	0x1587      	BSF        LCD_D7, BitPos(LCD_D7+0)
L__Lcd_Cmd31:
;__Lib_Lcd.c,34 :: 		
0x0062	0x1703      	BSF        STATUS, 6
0x0063	0x1914      	BTFSC      FARG_Lcd_Cmd_out_char, 2
0x0064	0x2868      	GOTO       L__Lcd_Cmd32
0x0065	0x1303      	BCF        STATUS, 6
0x0066	0x1107      	BCF        LCD_D6, BitPos(LCD_D6+0)
0x0067	0x286A      	GOTO       L__Lcd_Cmd33
L__Lcd_Cmd32:
0x0068	0x1303      	BCF        STATUS, 6
0x0069	0x1507      	BSF        LCD_D6, BitPos(LCD_D6+0)
L__Lcd_Cmd33:
;__Lib_Lcd.c,35 :: 		
0x006A	0x1703      	BSF        STATUS, 6
0x006B	0x1894      	BTFSC      FARG_Lcd_Cmd_out_char, 1
0x006C	0x2870      	GOTO       L__Lcd_Cmd34
0x006D	0x1303      	BCF        STATUS, 6
0x006E	0x1087      	BCF        LCD_D5, BitPos(LCD_D5+0)
0x006F	0x2872      	GOTO       L__Lcd_Cmd35
L__Lcd_Cmd34:
0x0070	0x1303      	BCF        STATUS, 6
0x0071	0x1487      	BSF        LCD_D5, BitPos(LCD_D5+0)
L__Lcd_Cmd35:
;__Lib_Lcd.c,36 :: 		
0x0072	0x1703      	BSF        STATUS, 6
0x0073	0x1814      	BTFSC      FARG_Lcd_Cmd_out_char, 0
0x0074	0x2878      	GOTO       L__Lcd_Cmd36
0x0075	0x1303      	BCF        STATUS, 6
0x0076	0x1007      	BCF        LCD_D4, BitPos(LCD_D4+0)
0x0077	0x287A      	GOTO       L__Lcd_Cmd37
L__Lcd_Cmd36:
0x0078	0x1303      	BCF        STATUS, 6
0x0079	0x1407      	BSF        LCD_D4, BitPos(LCD_D4+0)
L__Lcd_Cmd37:
;__Lib_Lcd.c,38 :: 		
0x007A	0x1683      	BSF        STATUS, 5
0x007B	0x1869      	BTFSC      __Lib_Lcd_cmd_status, BitPos(__Lib_Lcd_cmd_status+0)
0x007C	0x2880      	GOTO       L__Lcd_Cmd38
0x007D	0x1283      	BCF        STATUS, 5
0x007E	0x1607      	BSF        LCD_RS, BitPos(LCD_RS+0)
0x007F	0x2882      	GOTO       L__Lcd_Cmd39
L__Lcd_Cmd38:
0x0080	0x1283      	BCF        STATUS, 5
0x0081	0x1207      	BCF        LCD_RS, BitPos(LCD_RS+0)
L__Lcd_Cmd39:
;__Lib_Lcd.c,40 :: 		
0x0082	0x1687      	BSF        LCD_EN, BitPos(LCD_EN+0)
;__Lib_Lcd.c,41 :: 		
0x0083	0x201F      	CALL       _Delay_1us
;__Lib_Lcd.c,42 :: 		
0x0084	0x1287      	BCF        LCD_EN, BitPos(LCD_EN+0)
;__Lib_Lcd.c,44 :: 		
0x0085	0x1683      	BSF        STATUS, 5
0x0086	0x1C69      	BTFSS      __Lib_Lcd_cmd_status, BitPos(__Lib_Lcd_cmd_status+0)
0x0087	0x288A      	GOTO       L_Lcd_Cmd0
;__Lib_Lcd.c,45 :: 		
0x0088	0x2022      	CALL       _Delay_5500us
0x0089	0x288B      	GOTO       L_Lcd_Cmd1
L_Lcd_Cmd0:
;__Lib_Lcd.c,47 :: 		
0x008A	0x2017      	CALL       _Delay_50us
L_Lcd_Cmd1:
;__Lib_Lcd.c,48 :: 		
0x008B	0x0008      	RETURN
; end of _Lcd_Cmd
_Lcd_Chr_CP:
;__Lib_Lcd.c,50 :: 		
;__Lib_Lcd.c,52 :: 		
0x008C	0x1683      	BSF        STATUS, 5
0x008D	0x1303      	BCF        STATUS, 6
0x008E	0x1069      	BCF        __Lib_Lcd_cmd_status, BitPos(__Lib_Lcd_cmd_status+0)
;__Lib_Lcd.c,53 :: 		
0x008F	0x1283      	BCF        STATUS, 5
0x0090	0x1703      	BSF        STATUS, 6
0x0091	0x0813      	MOVF       FARG_Lcd_Chr_CP_out_char, 0
0x0092	0x0094      	MOVWF      FARG_Lcd_Cmd_out_char
0x0093	0x202E      	CALL       _Lcd_Cmd
;__Lib_Lcd.c,54 :: 		
0x0094	0x1683      	BSF        STATUS, 5
0x0095	0x1469      	BSF        __Lib_Lcd_cmd_status, BitPos(__Lib_Lcd_cmd_status+0)
;__Lib_Lcd.c,55 :: 		
0x0096	0x0008      	RETURN
; end of _Lcd_Chr_CP
_____DoICP:
;__Lib_System.c,6 :: 		
;__Lib_System.c,9 :: 		
0x0097	0x1683      	BSF        STATUS, 5
0x0098	0x1303      	BCF        STATUS, 6
0x0099	0x0867      	MOVF       ___DoICPAddr+1, 0
0x009A	0x008A      	MOVWF      PCLATH
;__Lib_System.c,10 :: 		
0x009B	0x0866      	MOVF       ___DoICPAddr, 0
0x009C	0x0082      	MOVWF      PCL
;__Lib_System.c,12 :: 		
0x009D	0x0008      	RETURN
; end of _____DoICP
_Lcd_Out:
;__Lib_Lcd.c,184 :: 		
;__Lib_Lcd.c,187 :: 		
0x009E	0x28B0      	GOTO       L_Lcd_Out11
;__Lib_Lcd.c,188 :: 		
L_Lcd_Out13:
0x009F	0x3080      	MOVLW      128
0x00A0	0x1283      	BCF        STATUS, 5
0x00A1	0x1703      	BSF        STATUS, 6
0x00A2	0x0090      	MOVWF      FARG_Lcd_Out_row
0x00A3	0x28C3      	GOTO       L_Lcd_Out12
;__Lib_Lcd.c,189 :: 		
L_Lcd_Out14:
0x00A4	0x30C0      	MOVLW      192
0x00A5	0x0090      	MOVWF      FARG_Lcd_Out_row
0x00A6	0x28C3      	GOTO       L_Lcd_Out12
;__Lib_Lcd.c,190 :: 		
L_Lcd_Out15:
0x00A7	0x3094      	MOVLW      148
0x00A8	0x0090      	MOVWF      FARG_Lcd_Out_row
0x00A9	0x28C3      	GOTO       L_Lcd_Out12
;__Lib_Lcd.c,191 :: 		
L_Lcd_Out16:
0x00AA	0x30D4      	MOVLW      212
0x00AB	0x0090      	MOVWF      FARG_Lcd_Out_row
0x00AC	0x28C3      	GOTO       L_Lcd_Out12
;__Lib_Lcd.c,192 :: 		
L_Lcd_Out17:
0x00AD	0x3080      	MOVLW      128
0x00AE	0x0090      	MOVWF      FARG_Lcd_Out_row
;__Lib_Lcd.c,193 :: 		
0x00AF	0x28C3      	GOTO       L_Lcd_Out12
L_Lcd_Out11:
0x00B0	0x1283      	BCF        STATUS, 5
0x00B1	0x1703      	BSF        STATUS, 6
0x00B2	0x0810      	MOVF       FARG_Lcd_Out_row, 0
0x00B3	0x3A01      	XORLW      1
0x00B4	0x1903      	BTFSC      STATUS, 2
0x00B5	0x289F      	GOTO       L_Lcd_Out13
0x00B6	0x0810      	MOVF       FARG_Lcd_Out_row, 0
0x00B7	0x3A02      	XORLW      2
0x00B8	0x1903      	BTFSC      STATUS, 2
0x00B9	0x28A4      	GOTO       L_Lcd_Out14
0x00BA	0x0810      	MOVF       FARG_Lcd_Out_row, 0
0x00BB	0x3A03      	XORLW      3
0x00BC	0x1903      	BTFSC      STATUS, 2
0x00BD	0x28A7      	GOTO       L_Lcd_Out15
0x00BE	0x0810      	MOVF       FARG_Lcd_Out_row, 0
0x00BF	0x3A04      	XORLW      4
0x00C0	0x1903      	BTFSC      STATUS, 2
0x00C1	0x28AA      	GOTO       L_Lcd_Out16
0x00C2	0x28AD      	GOTO       L_Lcd_Out17
L_Lcd_Out12:
;__Lib_Lcd.c,194 :: 		
0x00C3	0x0311      	DECF       FARG_Lcd_Out_column, 0
0x00C4	0x00F0      	MOVWF      R0
0x00C5	0x0810      	MOVF       FARG_Lcd_Out_row, 0
0x00C6	0x07F0      	ADDWF      R0, 1
0x00C7	0x0870      	MOVF       R0, 0
0x00C8	0x0090      	MOVWF      FARG_Lcd_Out_row
;__Lib_Lcd.c,196 :: 		
0x00C9	0x0870      	MOVF       R0, 0
0x00CA	0x0094      	MOVWF      FARG_Lcd_Cmd_out_char
0x00CB	0x202E      	CALL       _Lcd_Cmd
;__Lib_Lcd.c,197 :: 		
0x00CC	0x1683      	BSF        STATUS, 5
0x00CD	0x1069      	BCF        __Lib_Lcd_cmd_status, BitPos(__Lib_Lcd_cmd_status+0)
;__Lib_Lcd.c,198 :: 		
0x00CE	0x01EF      	CLRF       Lcd_Out_i_L0
;__Lib_Lcd.c,199 :: 		
L_Lcd_Out18:
0x00CF	0x086F      	MOVF       Lcd_Out_i_L0, 0
0x00D0	0x1283      	BCF        STATUS, 5
0x00D1	0x1703      	BSF        STATUS, 6
0x00D2	0x0712      	ADDWF      FARG_Lcd_Out_text, 0
0x00D3	0x0084      	MOVWF      FSR
0x00D4	0x0800      	MOVF       INDF, 0
0x00D5	0x1903      	BTFSC      STATUS, 2
0x00D6	0x28E3      	GOTO       L_Lcd_Out19
;__Lib_Lcd.c,200 :: 		
0x00D7	0x1683      	BSF        STATUS, 5
0x00D8	0x1303      	BCF        STATUS, 6
0x00D9	0x086F      	MOVF       Lcd_Out_i_L0, 0
0x00DA	0x1283      	BCF        STATUS, 5
0x00DB	0x1703      	BSF        STATUS, 6
0x00DC	0x0712      	ADDWF      FARG_Lcd_Out_text, 0
0x00DD	0x0084      	MOVWF      FSR
0x00DE	0x0800      	MOVF       INDF, 0
0x00DF	0x0093      	MOVWF      FARG_Lcd_Chr_CP_out_char
0x00E0	0x208C      	CALL       _Lcd_Chr_CP
0x00E1	0x0AEF      	INCF       Lcd_Out_i_L0, 1
0x00E2	0x28CF      	GOTO       L_Lcd_Out18
L_Lcd_Out19:
0x00E3	0x1683      	BSF        STATUS, 5
0x00E4	0x1303      	BCF        STATUS, 6
;__Lib_Lcd.c,201 :: 		
0x00E5	0x1469      	BSF        __Lib_Lcd_cmd_status, BitPos(__Lib_Lcd_cmd_status+0)
;__Lib_Lcd.c,202 :: 		
0x00E6	0x0008      	RETURN
; end of _Lcd_Out
_Lcd_Chr:
;__Lib_Lcd.c,65 :: 		
;__Lib_Lcd.c,66 :: 		
0x00E7	0x28F9      	GOTO       L_Lcd_Chr4
;__Lib_Lcd.c,67 :: 		
L_Lcd_Chr6:
0x00E8	0x3080      	MOVLW      128
0x00E9	0x1283      	BCF        STATUS, 5
0x00EA	0x1703      	BSF        STATUS, 6
0x00EB	0x0090      	MOVWF      FARG_Lcd_Chr_row
0x00EC	0x290C      	GOTO       L_Lcd_Chr5
;__Lib_Lcd.c,68 :: 		
L_Lcd_Chr7:
0x00ED	0x30C0      	MOVLW      192
0x00EE	0x0090      	MOVWF      FARG_Lcd_Chr_row
0x00EF	0x290C      	GOTO       L_Lcd_Chr5
;__Lib_Lcd.c,69 :: 		
L_Lcd_Chr8:
0x00F0	0x3094      	MOVLW      148
0x00F1	0x0090      	MOVWF      FARG_Lcd_Chr_row
0x00F2	0x290C      	GOTO       L_Lcd_Chr5
;__Lib_Lcd.c,70 :: 		
L_Lcd_Chr9:
0x00F3	0x30D4      	MOVLW      212
0x00F4	0x0090      	MOVWF      FARG_Lcd_Chr_row
0x00F5	0x290C      	GOTO       L_Lcd_Chr5
;__Lib_Lcd.c,71 :: 		
L_Lcd_Chr10:
0x00F6	0x3080      	MOVLW      128
0x00F7	0x0090      	MOVWF      FARG_Lcd_Chr_row
;__Lib_Lcd.c,72 :: 		
0x00F8	0x290C      	GOTO       L_Lcd_Chr5
L_Lcd_Chr4:
0x00F9	0x1283      	BCF        STATUS, 5
0x00FA	0x1703      	BSF        STATUS, 6
0x00FB	0x0810      	MOVF       FARG_Lcd_Chr_row, 0
0x00FC	0x3A01      	XORLW      1
0x00FD	0x1903      	BTFSC      STATUS, 2
0x00FE	0x28E8      	GOTO       L_Lcd_Chr6
0x00FF	0x0810      	MOVF       FARG_Lcd_Chr_row, 0
0x0100	0x3A02      	XORLW      2
0x0101	0x1903      	BTFSC      STATUS, 2
0x0102	0x28ED      	GOTO       L_Lcd_Chr7
0x0103	0x0810      	MOVF       FARG_Lcd_Chr_row, 0
0x0104	0x3A03      	XORLW      3
0x0105	0x1903      	BTFSC      STATUS, 2
0x0106	0x28F0      	GOTO       L_Lcd_Chr8
0x0107	0x0810      	MOVF       FARG_Lcd_Chr_row, 0
0x0108	0x3A04      	XORLW      4
0x0109	0x1903      	BTFSC      STATUS, 2
0x010A	0x28F3      	GOTO       L_Lcd_Chr9
0x010B	0x28F6      	GOTO       L_Lcd_Chr10
L_Lcd_Chr5:
;__Lib_Lcd.c,74 :: 		
0x010C	0x0311      	DECF       FARG_Lcd_Chr_column, 0
0x010D	0x00F0      	MOVWF      R0
0x010E	0x0810      	MOVF       FARG_Lcd_Chr_row, 0
0x010F	0x07F0      	ADDWF      R0, 1
0x0110	0x0870      	MOVF       R0, 0
0x0111	0x0090      	MOVWF      FARG_Lcd_Chr_row
;__Lib_Lcd.c,76 :: 		
0x0112	0x1683      	BSF        STATUS, 5
0x0113	0x1303      	BCF        STATUS, 6
0x0114	0x1469      	BSF        __Lib_Lcd_cmd_status, BitPos(__Lib_Lcd_cmd_status+0)
;__Lib_Lcd.c,77 :: 		
0x0115	0x0870      	MOVF       R0, 0
0x0116	0x1283      	BCF        STATUS, 5
0x0117	0x1703      	BSF        STATUS, 6
0x0118	0x0094      	MOVWF      FARG_Lcd_Cmd_out_char
0x0119	0x202E      	CALL       _Lcd_Cmd
;__Lib_Lcd.c,79 :: 		
0x011A	0x1683      	BSF        STATUS, 5
0x011B	0x1069      	BCF        __Lib_Lcd_cmd_status, BitPos(__Lib_Lcd_cmd_status+0)
;__Lib_Lcd.c,80 :: 		
0x011C	0x1283      	BCF        STATUS, 5
0x011D	0x1703      	BSF        STATUS, 6
0x011E	0x0812      	MOVF       FARG_Lcd_Chr_out_char, 0
0x011F	0x0094      	MOVWF      FARG_Lcd_Cmd_out_char
0x0120	0x202E      	CALL       _Lcd_Cmd
;__Lib_Lcd.c,81 :: 		
0x0121	0x1683      	BSF        STATUS, 5
0x0122	0x1469      	BSF        __Lib_Lcd_cmd_status, BitPos(__Lib_Lcd_cmd_status+0)
;__Lib_Lcd.c,82 :: 		
0x0123	0x0008      	RETURN
; end of _Lcd_Chr
_Div_8x8_U:
;__Lib_Math.c,189 :: 		
;__Lib_Math.c,196 :: 		
0x0124	0x1283      	BCF        STATUS, 5
;__Lib_Math.c,197 :: 		
0x0125	0x1303      	BCF        STATUS, 6
;__Lib_Math.c,198 :: 		
0x0126	0x01F8      	CLRF       R8
;__Lib_Math.c,199 :: 		
0x0127	0x3008      	MOVLW      8
;__Lib_Math.c,200 :: 		
0x0128	0x00FC      	MOVWF      R12
;__Lib_Math.c,201 :: 		
0x0129	0x0D70      	RLF        R0, 0
;__Lib_Math.c,202 :: 		
0x012A	0x0DF8      	RLF        R8, 1
;__Lib_Math.c,203 :: 		
0x012B	0x0874      	MOVF       R4, 0
;__Lib_Math.c,204 :: 		
0x012C	0x02F8      	SUBWF      R8, 1
;__Lib_Math.c,205 :: 		
0x012D	0x1803      	BTFSC      STATUS, 0
;__Lib_Math.c,206 :: 		
0x012E	0x2931      	GOTO       $+3
;__Lib_Math.c,207 :: 		
0x012F	0x07F8      	ADDWF      R8, 1
;__Lib_Math.c,208 :: 		
0x0130	0x1003      	BCF        STATUS, 0
;__Lib_Math.c,209 :: 		
0x0131	0x0DF0      	RLF        R0, 1
;__Lib_Math.c,210 :: 		
0x0132	0x0BFC      	DECFSZ     R12, 1
;__Lib_Math.c,211 :: 		
0x0133	0x2929      	GOTO       $-10
;__Lib_Math.c,213 :: 		
0x0134	0x0008      	RETURN
; end of _Div_8x8_U
_Lcd_Init:
;__Lib_Lcd.c,84 :: 		
;__Lib_Lcd.c,86 :: 		
0x0135	0x1683      	BSF        STATUS, 5
0x0136	0x1303      	BCF        STATUS, 6
0x0137	0x1287      	BCF        LCD_EN_Direction, BitPos(LCD_EN_Direction+0)
;__Lib_Lcd.c,87 :: 		
0x0138	0x1207      	BCF        LCD_RS_Direction, BitPos(LCD_RS_Direction+0)
;__Lib_Lcd.c,88 :: 		
0x0139	0x1007      	BCF        LCD_D4_Direction, BitPos(LCD_D4_Direction+0)
;__Lib_Lcd.c,89 :: 		
0x013A	0x1087      	BCF        LCD_D5_Direction, BitPos(LCD_D5_Direction+0)
;__Lib_Lcd.c,90 :: 		
0x013B	0x1107      	BCF        LCD_D6_Direction, BitPos(LCD_D6_Direction+0)
;__Lib_Lcd.c,91 :: 		
0x013C	0x1187      	BCF        LCD_D7_Direction, BitPos(LCD_D7_Direction+0)
;__Lib_Lcd.c,93 :: 		
0x013D	0x1283      	BCF        STATUS, 5
0x013E	0x1287      	BCF        LCD_EN, BitPos(LCD_EN+0)
;__Lib_Lcd.c,94 :: 		
0x013F	0x1207      	BCF        LCD_RS, BitPos(LCD_RS+0)
;__Lib_Lcd.c,95 :: 		
0x0140	0x1187      	BCF        LCD_D7, BitPos(LCD_D7+0)
;__Lib_Lcd.c,96 :: 		
0x0141	0x1107      	BCF        LCD_D6, BitPos(LCD_D6+0)
;__Lib_Lcd.c,97 :: 		
0x0142	0x1087      	BCF        LCD_D5, BitPos(LCD_D5+0)
;__Lib_Lcd.c,98 :: 		
0x0143	0x1007      	BCF        LCD_D4, BitPos(LCD_D4+0)
;__Lib_Lcd.c,100 :: 		
0x0144	0x2022      	CALL       _Delay_5500us
;__Lib_Lcd.c,101 :: 		
0x0145	0x2022      	CALL       _Delay_5500us
;__Lib_Lcd.c,102 :: 		
0x0146	0x2022      	CALL       _Delay_5500us
;__Lib_Lcd.c,105 :: 		
0x0147	0x1487      	BSF        LCD_D5, BitPos(LCD_D5+0)
;__Lib_Lcd.c,106 :: 		
0x0148	0x1407      	BSF        LCD_D4, BitPos(LCD_D4+0)
;__Lib_Lcd.c,107 :: 		
0x0149	0x1687      	BSF        LCD_EN, BitPos(LCD_EN+0)
;__Lib_Lcd.c,108 :: 		
0x014A	0x201F      	CALL       _Delay_1us
;__Lib_Lcd.c,109 :: 		
0x014B	0x1287      	BCF        LCD_EN, BitPos(LCD_EN+0)
;__Lib_Lcd.c,110 :: 		
0x014C	0x2022      	CALL       _Delay_5500us
;__Lib_Lcd.c,112 :: 		
0x014D	0x1687      	BSF        LCD_EN, BitPos(LCD_EN+0)
;__Lib_Lcd.c,113 :: 		
0x014E	0x201F      	CALL       _Delay_1us
;__Lib_Lcd.c,114 :: 		
0x014F	0x1287      	BCF        LCD_EN, BitPos(LCD_EN+0)
;__Lib_Lcd.c,115 :: 		
0x0150	0x2022      	CALL       _Delay_5500us
;__Lib_Lcd.c,117 :: 		
0x0151	0x1687      	BSF        LCD_EN, BitPos(LCD_EN+0)
;__Lib_Lcd.c,118 :: 		
0x0152	0x201F      	CALL       _Delay_1us
;__Lib_Lcd.c,119 :: 		
0x0153	0x1287      	BCF        LCD_EN, BitPos(LCD_EN+0)
;__Lib_Lcd.c,120 :: 		
0x0154	0x2022      	CALL       _Delay_5500us
;__Lib_Lcd.c,123 :: 		
0x0155	0x1007      	BCF        LCD_D4, BitPos(LCD_D4+0)
;__Lib_Lcd.c,124 :: 		
0x0156	0x1687      	BSF        LCD_EN, BitPos(LCD_EN+0)
;__Lib_Lcd.c,125 :: 		
0x0157	0x201F      	CALL       _Delay_1us
;__Lib_Lcd.c,126 :: 		
0x0158	0x1287      	BCF        LCD_EN, BitPos(LCD_EN+0)
;__Lib_Lcd.c,127 :: 		
0x0159	0x2022      	CALL       _Delay_5500us
;__Lib_Lcd.c,130 :: 		
0x015A	0x1687      	BSF        LCD_EN, BitPos(LCD_EN+0)
;__Lib_Lcd.c,131 :: 		
0x015B	0x201F      	CALL       _Delay_1us
;__Lib_Lcd.c,132 :: 		
0x015C	0x1287      	BCF        LCD_EN, BitPos(LCD_EN+0)
;__Lib_Lcd.c,134 :: 		
0x015D	0x1087      	BCF        LCD_D5, BitPos(LCD_D5+0)
;__Lib_Lcd.c,135 :: 		
0x015E	0x1587      	BSF        LCD_D7, BitPos(LCD_D7+0)
;__Lib_Lcd.c,136 :: 		
0x015F	0x1687      	BSF        LCD_EN, BitPos(LCD_EN+0)
;__Lib_Lcd.c,137 :: 		
0x0160	0x201F      	CALL       _Delay_1us
;__Lib_Lcd.c,138 :: 		
0x0161	0x1287      	BCF        LCD_EN, BitPos(LCD_EN+0)
;__Lib_Lcd.c,139 :: 		
0x0162	0x2022      	CALL       _Delay_5500us
;__Lib_Lcd.c,142 :: 		
0x0163	0x1187      	BCF        LCD_D7, BitPos(LCD_D7+0)
;__Lib_Lcd.c,143 :: 		
0x0164	0x1407      	BSF        LCD_D4, BitPos(LCD_D4+0)
;__Lib_Lcd.c,144 :: 		
0x0165	0x1687      	BSF        LCD_EN, BitPos(LCD_EN+0)
;__Lib_Lcd.c,145 :: 		
0x0166	0x201F      	CALL       _Delay_1us
;__Lib_Lcd.c,146 :: 		
0x0167	0x1287      	BCF        LCD_EN, BitPos(LCD_EN+0)
;__Lib_Lcd.c,148 :: 		
0x0168	0x1007      	BCF        LCD_D4, BitPos(LCD_D4+0)
;__Lib_Lcd.c,149 :: 		
0x0169	0x1687      	BSF        LCD_EN, BitPos(LCD_EN+0)
;__Lib_Lcd.c,150 :: 		
0x016A	0x201F      	CALL       _Delay_1us
;__Lib_Lcd.c,151 :: 		
0x016B	0x1287      	BCF        LCD_EN, BitPos(LCD_EN+0)
;__Lib_Lcd.c,152 :: 		
0x016C	0x2022      	CALL       _Delay_5500us
;__Lib_Lcd.c,155 :: 		
0x016D	0x1687      	BSF        LCD_EN, BitPos(LCD_EN+0)
;__Lib_Lcd.c,156 :: 		
0x016E	0x201F      	CALL       _Delay_1us
;__Lib_Lcd.c,157 :: 		
0x016F	0x1287      	BCF        LCD_EN, BitPos(LCD_EN+0)
;__Lib_Lcd.c,159 :: 		
0x0170	0x1407      	BSF        LCD_D4, BitPos(LCD_D4+0)
;__Lib_Lcd.c,160 :: 		
0x0171	0x1687      	BSF        LCD_EN, BitPos(LCD_EN+0)
;__Lib_Lcd.c,161 :: 		
0x0172	0x201F      	CALL       _Delay_1us
;__Lib_Lcd.c,162 :: 		
0x0173	0x1287      	BCF        LCD_EN, BitPos(LCD_EN+0)
;__Lib_Lcd.c,163 :: 		
0x0174	0x2022      	CALL       _Delay_5500us
;__Lib_Lcd.c,166 :: 		
0x0175	0x1007      	BCF        LCD_D4, BitPos(LCD_D4+0)
;__Lib_Lcd.c,167 :: 		
0x0176	0x1687      	BSF        LCD_EN, BitPos(LCD_EN+0)
;__Lib_Lcd.c,168 :: 		
0x0177	0x201F      	CALL       _Delay_1us
;__Lib_Lcd.c,169 :: 		
0x0178	0x1287      	BCF        LCD_EN, BitPos(LCD_EN+0)
;__Lib_Lcd.c,171 :: 		
0x0179	0x1587      	BSF        LCD_D7, BitPos(LCD_D7+0)
;__Lib_Lcd.c,172 :: 		
0x017A	0x1507      	BSF        LCD_D6, BitPos(LCD_D6+0)
;__Lib_Lcd.c,173 :: 		
0x017B	0x1487      	BSF        LCD_D5, BitPos(LCD_D5+0)
;__Lib_Lcd.c,174 :: 		
0x017C	0x1407      	BSF        LCD_D4, BitPos(LCD_D4+0)
;__Lib_Lcd.c,175 :: 		
0x017D	0x1687      	BSF        LCD_EN, BitPos(LCD_EN+0)
;__Lib_Lcd.c,176 :: 		
0x017E	0x201F      	CALL       _Delay_1us
;__Lib_Lcd.c,177 :: 		
0x017F	0x1287      	BCF        LCD_EN, BitPos(LCD_EN+0)
;__Lib_Lcd.c,179 :: 		
0x0180	0x2022      	CALL       _Delay_5500us
;__Lib_Lcd.c,181 :: 		
0x0181	0x1683      	BSF        STATUS, 5
0x0182	0x1469      	BSF        __Lib_Lcd_cmd_status, BitPos(__Lib_Lcd_cmd_status+0)
;__Lib_Lcd.c,182 :: 		
0x0183	0x0008      	RETURN
; end of _Lcd_Init
_system:
;security.c,118 :: 		void system()
;security.c,120 :: 		switch(i)                             // Compare the value of i and display message accordigly
0x0184	0x2B2F      	GOTO       L_system14
;security.c,122 :: 		case 1:
L_system16:
;security.c,123 :: 		Lcd_Out(1,1,txt2);                 // Write "Zone 1 Armed" on LCD
0x0185	0x3001      	MOVLW      1
0x0186	0x1283      	BCF        STATUS, 5
0x0187	0x1703      	BSF        STATUS, 6
0x0188	0x0090      	MOVWF      FARG_Lcd_Out_row
0x0189	0x3001      	MOVLW      1
0x018A	0x0091      	MOVWF      FARG_Lcd_Out_column
0x018B	0x3021      	MOVLW      _txt2
0x018C	0x0092      	MOVWF      FARG_Lcd_Out_text
0x018D	0x209E      	CALL       _Lcd_Out
;security.c,124 :: 		time=10;                           // Reset the value of timer
0x018E	0x300A      	MOVLW      10
0x018F	0x1283      	BCF        STATUS, 5
0x0190	0x00ED      	MOVWF      _time
;security.c,125 :: 		a=1;
0x0191	0x3001      	MOVLW      1
0x0192	0x00A0      	MOVWF      _a
;security.c,126 :: 		break;
0x0193	0x2B6A      	GOTO       L_system15
;security.c,128 :: 		case 2:
L_system17:
;security.c,129 :: 		Lcd_Out(1,1,txt3);                 // Write "Zone 2 Armed" on LCD
0x0194	0x3001      	MOVLW      1
0x0195	0x1703      	BSF        STATUS, 6
0x0196	0x0090      	MOVWF      FARG_Lcd_Out_row
0x0197	0x3001      	MOVLW      1
0x0198	0x0091      	MOVWF      FARG_Lcd_Out_column
0x0199	0x3047      	MOVLW      _txt3
0x019A	0x0092      	MOVWF      FARG_Lcd_Out_text
0x019B	0x209E      	CALL       _Lcd_Out
;security.c,130 :: 		time=10;                           // Reset the value of timer
0x019C	0x300A      	MOVLW      10
0x019D	0x1283      	BCF        STATUS, 5
0x019E	0x00ED      	MOVWF      _time
;security.c,131 :: 		a=1;
0x019F	0x3001      	MOVLW      1
0x01A0	0x00A0      	MOVWF      _a
;security.c,132 :: 		break;
0x01A1	0x2B6A      	GOTO       L_system15
;security.c,134 :: 		case 3:
L_system18:
;security.c,135 :: 		Lcd_Out(1,1,txt5);                 // Write "Zone 1&2 Armed" on LCD
0x01A2	0x3001      	MOVLW      1
0x01A3	0x1703      	BSF        STATUS, 6
0x01A4	0x0090      	MOVWF      FARG_Lcd_Out_row
0x01A5	0x3001      	MOVLW      1
0x01A6	0x0091      	MOVWF      FARG_Lcd_Out_column
0x01A7	0x3039      	MOVLW      _txt5
0x01A8	0x0092      	MOVWF      FARG_Lcd_Out_text
0x01A9	0x209E      	CALL       _Lcd_Out
;security.c,136 :: 		time=10;                           // Reset the value of timer
0x01AA	0x300A      	MOVLW      10
0x01AB	0x1283      	BCF        STATUS, 5
0x01AC	0x00ED      	MOVWF      _time
;security.c,137 :: 		a=1;
0x01AD	0x3001      	MOVLW      1
0x01AE	0x00A0      	MOVWF      _a
;security.c,138 :: 		break;
0x01AF	0x2B6A      	GOTO       L_system15
;security.c,140 :: 		case 4:
L_system19:
;security.c,141 :: 		Lcd_Out(1,1,txt4);                 // Write "Zone 3 Armed" on LCD
0x01B0	0x3001      	MOVLW      1
0x01B1	0x1703      	BSF        STATUS, 6
0x01B2	0x0090      	MOVWF      FARG_Lcd_Out_row
0x01B3	0x3001      	MOVLW      1
0x01B4	0x0091      	MOVWF      FARG_Lcd_Out_column
0x01B5	0x302D      	MOVLW      _txt4
0x01B6	0x0092      	MOVWF      FARG_Lcd_Out_text
0x01B7	0x209E      	CALL       _Lcd_Out
;security.c,142 :: 		time=10;                           // Reset the value of timer
0x01B8	0x300A      	MOVLW      10
0x01B9	0x1283      	BCF        STATUS, 5
0x01BA	0x00ED      	MOVWF      _time
;security.c,143 :: 		a=1;
0x01BB	0x3001      	MOVLW      1
0x01BC	0x00A0      	MOVWF      _a
;security.c,144 :: 		break;
0x01BD	0x2B6A      	GOTO       L_system15
;security.c,146 :: 		case 5:
L_system20:
;security.c,147 :: 		Lcd_Out(1,1,txt6);                 // Write "Zone 1&3 Armed" on LCD
0x01BE	0x3001      	MOVLW      1
0x01BF	0x1703      	BSF        STATUS, 6
0x01C0	0x0090      	MOVWF      FARG_Lcd_Out_row
0x01C1	0x3001      	MOVLW      1
0x01C2	0x0091      	MOVWF      FARG_Lcd_Out_column
0x01C3	0x30D8      	MOVLW      _txt6
0x01C4	0x0092      	MOVWF      FARG_Lcd_Out_text
0x01C5	0x209E      	CALL       _Lcd_Out
;security.c,148 :: 		time=10;                           // Reset the value of timer
0x01C6	0x300A      	MOVLW      10
0x01C7	0x1283      	BCF        STATUS, 5
0x01C8	0x00ED      	MOVWF      _time
;security.c,149 :: 		a=1;
0x01C9	0x3001      	MOVLW      1
0x01CA	0x00A0      	MOVWF      _a
;security.c,150 :: 		break;
0x01CB	0x2B6A      	GOTO       L_system15
;security.c,152 :: 		case 6:
L_system21:
;security.c,153 :: 		Lcd_Out(1,1,txt7);                 // Write "Zone 2&3 Armed" on LCD
0x01CC	0x3001      	MOVLW      1
0x01CD	0x1703      	BSF        STATUS, 6
0x01CE	0x0090      	MOVWF      FARG_Lcd_Out_row
0x01CF	0x3001      	MOVLW      1
0x01D0	0x0091      	MOVWF      FARG_Lcd_Out_column
0x01D1	0x30CA      	MOVLW      _txt7
0x01D2	0x0092      	MOVWF      FARG_Lcd_Out_text
0x01D3	0x209E      	CALL       _Lcd_Out
;security.c,154 :: 		time=10;                           // Reset the value of timer
0x01D4	0x300A      	MOVLW      10
0x01D5	0x1283      	BCF        STATUS, 5
0x01D6	0x00ED      	MOVWF      _time
;security.c,155 :: 		a=1;
0x01D7	0x3001      	MOVLW      1
0x01D8	0x00A0      	MOVWF      _a
;security.c,156 :: 		break;
0x01D9	0x2B6A      	GOTO       L_system15
;security.c,158 :: 		case 7:
L_system22:
;security.c,159 :: 		Lcd_Out(1,1,txt8);                 // Write "Ready to Arm" on LCD
0x01DA	0x3001      	MOVLW      1
0x01DB	0x1703      	BSF        STATUS, 6
0x01DC	0x0090      	MOVWF      FARG_Lcd_Out_row
0x01DD	0x3001      	MOVLW      1
0x01DE	0x0091      	MOVWF      FARG_Lcd_Out_column
0x01DF	0x30BD      	MOVLW      _txt8
0x01E0	0x0092      	MOVWF      FARG_Lcd_Out_text
0x01E1	0x209E      	CALL       _Lcd_Out
;security.c,160 :: 		time=10;                           // Reset the value of timer
0x01E2	0x300A      	MOVLW      10
0x01E3	0x1283      	BCF        STATUS, 5
0x01E4	0x00ED      	MOVWF      _time
;security.c,161 :: 		a=1;
0x01E5	0x3001      	MOVLW      1
0x01E6	0x00A0      	MOVWF      _a
;security.c,162 :: 		break;
0x01E7	0x2B6A      	GOTO       L_system15
;security.c,164 :: 		case 9:
L_system23:
;security.c,165 :: 		Lcd_Out(1,1,txt2);                 // Write "Zone 1 Armed" on LCD, when the button to arm system is pressed
0x01E8	0x3001      	MOVLW      1
0x01E9	0x1703      	BSF        STATUS, 6
0x01EA	0x0090      	MOVWF      FARG_Lcd_Out_row
0x01EB	0x3001      	MOVLW      1
0x01EC	0x0091      	MOVWF      FARG_Lcd_Out_column
0x01ED	0x3021      	MOVLW      _txt2
0x01EE	0x0092      	MOVWF      FARG_Lcd_Out_text
0x01EF	0x209E      	CALL       _Lcd_Out
;security.c,166 :: 		Lcd_Chr(2, 4, w1);                 // Write the MSB ASCii value of timer on LCD
0x01F0	0x3002      	MOVLW      2
0x01F1	0x1283      	BCF        STATUS, 5
0x01F2	0x1703      	BSF        STATUS, 6
0x01F3	0x0090      	MOVWF      FARG_Lcd_Chr_row
0x01F4	0x3004      	MOVLW      4
0x01F5	0x0091      	MOVWF      FARG_Lcd_Chr_column
0x01F6	0x1683      	BSF        STATUS, 5
0x01F7	0x1303      	BCF        STATUS, 6
0x01F8	0x086B      	MOVF       _w1, 0
0x01F9	0x1283      	BCF        STATUS, 5
0x01FA	0x1703      	BSF        STATUS, 6
0x01FB	0x0092      	MOVWF      FARG_Lcd_Chr_out_char
0x01FC	0x20E7      	CALL       _Lcd_Chr
;security.c,167 :: 		Lcd_Chr(2, 5, q1);                 // Write the LSB ASCii value of timer on LCD
0x01FD	0x3002      	MOVLW      2
0x01FE	0x1283      	BCF        STATUS, 5
0x01FF	0x1703      	BSF        STATUS, 6
0x0200	0x0090      	MOVWF      FARG_Lcd_Chr_row
0x0201	0x3005      	MOVLW      5
0x0202	0x0091      	MOVWF      FARG_Lcd_Chr_column
0x0203	0x1683      	BSF        STATUS, 5
0x0204	0x1303      	BCF        STATUS, 6
0x0205	0x086A      	MOVF       _q1, 0
0x0206	0x1283      	BCF        STATUS, 5
0x0207	0x1703      	BSF        STATUS, 6
0x0208	0x0092      	MOVWF      FARG_Lcd_Chr_out_char
0x0209	0x20E7      	CALL       _Lcd_Chr
;security.c,168 :: 		Lcd_Out(2,6,txt10);                // Write "Sec" on LCD
0x020A	0x3002      	MOVLW      2
0x020B	0x1283      	BCF        STATUS, 5
0x020C	0x1703      	BSF        STATUS, 6
0x020D	0x0090      	MOVWF      FARG_Lcd_Out_row
0x020E	0x3006      	MOVLW      6
0x020F	0x0091      	MOVWF      FARG_Lcd_Out_column
0x0210	0x3068      	MOVLW      _txt10
0x0211	0x0092      	MOVWF      FARG_Lcd_Out_text
0x0212	0x209E      	CALL       _Lcd_Out
;security.c,169 :: 		break;
0x0213	0x2B6A      	GOTO       L_system15
;security.c,171 :: 		case 10:
L_system24:
;security.c,172 :: 		Lcd_Out(1,1,txt3);                 // Write "Zone 2 Armed" on LCD, when the button to arm system is pressed
0x0214	0x3001      	MOVLW      1
0x0215	0x1283      	BCF        STATUS, 5
0x0216	0x1703      	BSF        STATUS, 6
0x0217	0x0090      	MOVWF      FARG_Lcd_Out_row
0x0218	0x3001      	MOVLW      1
0x0219	0x0091      	MOVWF      FARG_Lcd_Out_column
0x021A	0x3047      	MOVLW      _txt3
0x021B	0x0092      	MOVWF      FARG_Lcd_Out_text
0x021C	0x209E      	CALL       _Lcd_Out
;security.c,173 :: 		Lcd_Chr(2, 4, w1);                 // Write the MSB ASCii value of timer on LCD
0x021D	0x3002      	MOVLW      2
0x021E	0x1283      	BCF        STATUS, 5
0x021F	0x1703      	BSF        STATUS, 6
0x0220	0x0090      	MOVWF      FARG_Lcd_Chr_row
0x0221	0x3004      	MOVLW      4
0x0222	0x0091      	MOVWF      FARG_Lcd_Chr_column
0x0223	0x1683      	BSF        STATUS, 5
0x0224	0x1303      	BCF        STATUS, 6
0x0225	0x086B      	MOVF       _w1, 0
0x0226	0x1283      	BCF        STATUS, 5
0x0227	0x1703      	BSF        STATUS, 6
0x0228	0x0092      	MOVWF      FARG_Lcd_Chr_out_char
0x0229	0x20E7      	CALL       _Lcd_Chr
;security.c,174 :: 		Lcd_Chr(2, 5, q1);                 // Write the LSB ASCii value of timer on LCD
0x022A	0x3002      	MOVLW      2
0x022B	0x1283      	BCF        STATUS, 5
0x022C	0x1703      	BSF        STATUS, 6
0x022D	0x0090      	MOVWF      FARG_Lcd_Chr_row
0x022E	0x3005      	MOVLW      5
0x022F	0x0091      	MOVWF      FARG_Lcd_Chr_column
0x0230	0x1683      	BSF        STATUS, 5
0x0231	0x1303      	BCF        STATUS, 6
0x0232	0x086A      	MOVF       _q1, 0
0x0233	0x1283      	BCF        STATUS, 5
0x0234	0x1703      	BSF        STATUS, 6
0x0235	0x0092      	MOVWF      FARG_Lcd_Chr_out_char
0x0236	0x20E7      	CALL       _Lcd_Chr
;security.c,175 :: 		Lcd_Out(2,6,txt10);                // Write "Sec" on LCD
0x0237	0x3002      	MOVLW      2
0x0238	0x1283      	BCF        STATUS, 5
0x0239	0x1703      	BSF        STATUS, 6
0x023A	0x0090      	MOVWF      FARG_Lcd_Out_row
0x023B	0x3006      	MOVLW      6
0x023C	0x0091      	MOVWF      FARG_Lcd_Out_column
0x023D	0x3068      	MOVLW      _txt10
0x023E	0x0092      	MOVWF      FARG_Lcd_Out_text
0x023F	0x209E      	CALL       _Lcd_Out
;security.c,176 :: 		break;
0x0240	0x2B6A      	GOTO       L_system15
;security.c,178 :: 		case 11:
L_system25:
;security.c,179 :: 		Lcd_Out(1,1,txt5);                 // Write "Zone 1&2 Armed" on LCD, when the button to arm system is pressed
0x0241	0x3001      	MOVLW      1
0x0242	0x1283      	BCF        STATUS, 5
0x0243	0x1703      	BSF        STATUS, 6
0x0244	0x0090      	MOVWF      FARG_Lcd_Out_row
0x0245	0x3001      	MOVLW      1
0x0246	0x0091      	MOVWF      FARG_Lcd_Out_column
0x0247	0x3039      	MOVLW      _txt5
0x0248	0x0092      	MOVWF      FARG_Lcd_Out_text
0x0249	0x209E      	CALL       _Lcd_Out
;security.c,180 :: 		Lcd_Chr(2, 4, w1);                 // Write the MSB ASCii value of timer on LCD
0x024A	0x3002      	MOVLW      2
0x024B	0x1283      	BCF        STATUS, 5
0x024C	0x1703      	BSF        STATUS, 6
0x024D	0x0090      	MOVWF      FARG_Lcd_Chr_row
0x024E	0x3004      	MOVLW      4
0x024F	0x0091      	MOVWF      FARG_Lcd_Chr_column
0x0250	0x1683      	BSF        STATUS, 5
0x0251	0x1303      	BCF        STATUS, 6
0x0252	0x086B      	MOVF       _w1, 0
0x0253	0x1283      	BCF        STATUS, 5
0x0254	0x1703      	BSF        STATUS, 6
0x0255	0x0092      	MOVWF      FARG_Lcd_Chr_out_char
0x0256	0x20E7      	CALL       _Lcd_Chr
;security.c,181 :: 		Lcd_Chr(2, 5, q1);                 // Write the LSB ASCii value of timer on LCD
0x0257	0x3002      	MOVLW      2
0x0258	0x1283      	BCF        STATUS, 5
0x0259	0x1703      	BSF        STATUS, 6
0x025A	0x0090      	MOVWF      FARG_Lcd_Chr_row
0x025B	0x3005      	MOVLW      5
0x025C	0x0091      	MOVWF      FARG_Lcd_Chr_column
0x025D	0x1683      	BSF        STATUS, 5
0x025E	0x1303      	BCF        STATUS, 6
0x025F	0x086A      	MOVF       _q1, 0
0x0260	0x1283      	BCF        STATUS, 5
0x0261	0x1703      	BSF        STATUS, 6
0x0262	0x0092      	MOVWF      FARG_Lcd_Chr_out_char
0x0263	0x20E7      	CALL       _Lcd_Chr
;security.c,182 :: 		Lcd_Out(2,6,txt10);                // Write "Sec" on LCD
0x0264	0x3002      	MOVLW      2
0x0265	0x1283      	BCF        STATUS, 5
0x0266	0x1703      	BSF        STATUS, 6
0x0267	0x0090      	MOVWF      FARG_Lcd_Out_row
0x0268	0x3006      	MOVLW      6
0x0269	0x0091      	MOVWF      FARG_Lcd_Out_column
0x026A	0x3068      	MOVLW      _txt10
0x026B	0x0092      	MOVWF      FARG_Lcd_Out_text
0x026C	0x209E      	CALL       _Lcd_Out
;security.c,183 :: 		break;
0x026D	0x2B6A      	GOTO       L_system15
;security.c,185 :: 		case 12:
L_system26:
;security.c,186 :: 		Lcd_Out(1,1,txt4);                 // Write "Zone 3 Armed" on LCD, when the button to arm system is pressed
0x026E	0x3001      	MOVLW      1
0x026F	0x1283      	BCF        STATUS, 5
0x0270	0x1703      	BSF        STATUS, 6
0x0271	0x0090      	MOVWF      FARG_Lcd_Out_row
0x0272	0x3001      	MOVLW      1
0x0273	0x0091      	MOVWF      FARG_Lcd_Out_column
0x0274	0x302D      	MOVLW      _txt4
0x0275	0x0092      	MOVWF      FARG_Lcd_Out_text
0x0276	0x209E      	CALL       _Lcd_Out
;security.c,187 :: 		Lcd_Chr(2, 4, w1);                 // Write the MSB ASCii value of timer on LCD
0x0277	0x3002      	MOVLW      2
0x0278	0x1283      	BCF        STATUS, 5
0x0279	0x1703      	BSF        STATUS, 6
0x027A	0x0090      	MOVWF      FARG_Lcd_Chr_row
0x027B	0x3004      	MOVLW      4
0x027C	0x0091      	MOVWF      FARG_Lcd_Chr_column
0x027D	0x1683      	BSF        STATUS, 5
0x027E	0x1303      	BCF        STATUS, 6
0x027F	0x086B      	MOVF       _w1, 0
0x0280	0x1283      	BCF        STATUS, 5
0x0281	0x1703      	BSF        STATUS, 6
0x0282	0x0092      	MOVWF      FARG_Lcd_Chr_out_char
0x0283	0x20E7      	CALL       _Lcd_Chr
;security.c,188 :: 		Lcd_Chr(2, 5, q1);                 // Write the LSB ASCii value of timer on LCD
0x0284	0x3002      	MOVLW      2
0x0285	0x1283      	BCF        STATUS, 5
0x0286	0x1703      	BSF        STATUS, 6
0x0287	0x0090      	MOVWF      FARG_Lcd_Chr_row
0x0288	0x3005      	MOVLW      5
0x0289	0x0091      	MOVWF      FARG_Lcd_Chr_column
0x028A	0x1683      	BSF        STATUS, 5
0x028B	0x1303      	BCF        STATUS, 6
0x028C	0x086A      	MOVF       _q1, 0
0x028D	0x1283      	BCF        STATUS, 5
0x028E	0x1703      	BSF        STATUS, 6
0x028F	0x0092      	MOVWF      FARG_Lcd_Chr_out_char
0x0290	0x20E7      	CALL       _Lcd_Chr
;security.c,189 :: 		Lcd_Out(2,6,txt10);                // Write "Sec" on LCD
0x0291	0x3002      	MOVLW      2
0x0292	0x1283      	BCF        STATUS, 5
0x0293	0x1703      	BSF        STATUS, 6
0x0294	0x0090      	MOVWF      FARG_Lcd_Out_row
0x0295	0x3006      	MOVLW      6
0x0296	0x0091      	MOVWF      FARG_Lcd_Out_column
0x0297	0x3068      	MOVLW      _txt10
0x0298	0x0092      	MOVWF      FARG_Lcd_Out_text
0x0299	0x209E      	CALL       _Lcd_Out
;security.c,190 :: 		break;
0x029A	0x2B6A      	GOTO       L_system15
;security.c,192 :: 		case 13:
L_system27:
;security.c,193 :: 		Lcd_Out(1,1,txt6);                 // Write "Zone 1&3 Armed" on LCD, when the button to arm system is pressed
0x029B	0x3001      	MOVLW      1
0x029C	0x1283      	BCF        STATUS, 5
0x029D	0x1703      	BSF        STATUS, 6
0x029E	0x0090      	MOVWF      FARG_Lcd_Out_row
0x029F	0x3001      	MOVLW      1
0x02A0	0x0091      	MOVWF      FARG_Lcd_Out_column
0x02A1	0x30D8      	MOVLW      _txt6
0x02A2	0x0092      	MOVWF      FARG_Lcd_Out_text
0x02A3	0x209E      	CALL       _Lcd_Out
;security.c,194 :: 		Lcd_Chr(2, 4, w1);                 // Write the MSB ASCii value of timer on LCD
0x02A4	0x3002      	MOVLW      2
0x02A5	0x1283      	BCF        STATUS, 5
0x02A6	0x1703      	BSF        STATUS, 6
0x02A7	0x0090      	MOVWF      FARG_Lcd_Chr_row
0x02A8	0x3004      	MOVLW      4
0x02A9	0x0091      	MOVWF      FARG_Lcd_Chr_column
0x02AA	0x1683      	BSF        STATUS, 5
0x02AB	0x1303      	BCF        STATUS, 6
0x02AC	0x086B      	MOVF       _w1, 0
0x02AD	0x1283      	BCF        STATUS, 5
0x02AE	0x1703      	BSF        STATUS, 6
0x02AF	0x0092      	MOVWF      FARG_Lcd_Chr_out_char
0x02B0	0x20E7      	CALL       _Lcd_Chr
;security.c,195 :: 		Lcd_Chr(2, 5, q1);                 // Write the LSB ASCii value of timer on LCD
0x02B1	0x3002      	MOVLW      2
0x02B2	0x1283      	BCF        STATUS, 5
0x02B3	0x1703      	BSF        STATUS, 6
0x02B4	0x0090      	MOVWF      FARG_Lcd_Chr_row
0x02B5	0x3005      	MOVLW      5
0x02B6	0x0091      	MOVWF      FARG_Lcd_Chr_column
0x02B7	0x1683      	BSF        STATUS, 5
0x02B8	0x1303      	BCF        STATUS, 6
0x02B9	0x086A      	MOVF       _q1, 0
0x02BA	0x1283      	BCF        STATUS, 5
0x02BB	0x1703      	BSF        STATUS, 6
0x02BC	0x0092      	MOVWF      FARG_Lcd_Chr_out_char
0x02BD	0x20E7      	CALL       _Lcd_Chr
;security.c,196 :: 		Lcd_Out(2,6,txt10);                // Write "Sec" on LCD
0x02BE	0x3002      	MOVLW      2
0x02BF	0x1283      	BCF        STATUS, 5
0x02C0	0x1703      	BSF        STATUS, 6
0x02C1	0x0090      	MOVWF      FARG_Lcd_Out_row
0x02C2	0x3006      	MOVLW      6
0x02C3	0x0091      	MOVWF      FARG_Lcd_Out_column
0x02C4	0x3068      	MOVLW      _txt10
0x02C5	0x0092      	MOVWF      FARG_Lcd_Out_text
0x02C6	0x209E      	CALL       _Lcd_Out
;security.c,197 :: 		break;
0x02C7	0x2B6A      	GOTO       L_system15
;security.c,199 :: 		case 14:
L_system28:
;security.c,200 :: 		Lcd_Out(1,1,txt7);                 // Write "Zone 2&3 Armed" on LCD, when the button to arm system is pressed
0x02C8	0x3001      	MOVLW      1
0x02C9	0x1283      	BCF        STATUS, 5
0x02CA	0x1703      	BSF        STATUS, 6
0x02CB	0x0090      	MOVWF      FARG_Lcd_Out_row
0x02CC	0x3001      	MOVLW      1
0x02CD	0x0091      	MOVWF      FARG_Lcd_Out_column
0x02CE	0x30CA      	MOVLW      _txt7
0x02CF	0x0092      	MOVWF      FARG_Lcd_Out_text
0x02D0	0x209E      	CALL       _Lcd_Out
;security.c,201 :: 		Lcd_Chr(2, 4, w1);                 // Write the MSB ASCii value of timer on LCD
0x02D1	0x3002      	MOVLW      2
0x02D2	0x1283      	BCF        STATUS, 5
0x02D3	0x1703      	BSF        STATUS, 6
0x02D4	0x0090      	MOVWF      FARG_Lcd_Chr_row
0x02D5	0x3004      	MOVLW      4
0x02D6	0x0091      	MOVWF      FARG_Lcd_Chr_column
0x02D7	0x1683      	BSF        STATUS, 5
0x02D8	0x1303      	BCF        STATUS, 6
0x02D9	0x086B      	MOVF       _w1, 0
0x02DA	0x1283      	BCF        STATUS, 5
0x02DB	0x1703      	BSF        STATUS, 6
0x02DC	0x0092      	MOVWF      FARG_Lcd_Chr_out_char
0x02DD	0x20E7      	CALL       _Lcd_Chr
;security.c,202 :: 		Lcd_Chr(2, 5, q1);                 // Write the LSB ASCii value of timer on LCD
0x02DE	0x3002      	MOVLW      2
0x02DF	0x1283      	BCF        STATUS, 5
0x02E0	0x1703      	BSF        STATUS, 6
0x02E1	0x0090      	MOVWF      FARG_Lcd_Chr_row
0x02E2	0x3005      	MOVLW      5
0x02E3	0x0091      	MOVWF      FARG_Lcd_Chr_column
0x02E4	0x1683      	BSF        STATUS, 5
0x02E5	0x1303      	BCF        STATUS, 6
0x02E6	0x086A      	MOVF       _q1, 0
0x02E7	0x1283      	BCF        STATUS, 5
0x02E8	0x1703      	BSF        STATUS, 6
0x02E9	0x0092      	MOVWF      FARG_Lcd_Chr_out_char
0x02EA	0x20E7      	CALL       _Lcd_Chr
;security.c,203 :: 		Lcd_Out(2,6,txt10);                // Write "Sec" on LCD
0x02EB	0x3002      	MOVLW      2
0x02EC	0x1283      	BCF        STATUS, 5
0x02ED	0x1703      	BSF        STATUS, 6
0x02EE	0x0090      	MOVWF      FARG_Lcd_Out_row
0x02EF	0x3006      	MOVLW      6
0x02F0	0x0091      	MOVWF      FARG_Lcd_Out_column
0x02F1	0x3068      	MOVLW      _txt10
0x02F2	0x0092      	MOVWF      FARG_Lcd_Out_text
0x02F3	0x209E      	CALL       _Lcd_Out
;security.c,204 :: 		break;
0x02F4	0x2B6A      	GOTO       L_system15
;security.c,206 :: 		case 15:
L_system29:
;security.c,207 :: 		Lcd_Out(1,1,txt9);                 // Write "System Armed in" on LCD
0x02F5	0x3001      	MOVLW      1
0x02F6	0x1283      	BCF        STATUS, 5
0x02F7	0x1703      	BSF        STATUS, 6
0x02F8	0x0090      	MOVWF      FARG_Lcd_Out_row
0x02F9	0x3001      	MOVLW      1
0x02FA	0x0091      	MOVWF      FARG_Lcd_Out_column
0x02FB	0x30AD      	MOVLW      _txt9
0x02FC	0x0092      	MOVWF      FARG_Lcd_Out_text
0x02FD	0x209E      	CALL       _Lcd_Out
;security.c,208 :: 		Lcd_Chr(2, 4, w1);                 // Write the MSB ASCii value of timer on LCD
0x02FE	0x3002      	MOVLW      2
0x02FF	0x1283      	BCF        STATUS, 5
0x0300	0x1703      	BSF        STATUS, 6
0x0301	0x0090      	MOVWF      FARG_Lcd_Chr_row
0x0302	0x3004      	MOVLW      4
0x0303	0x0091      	MOVWF      FARG_Lcd_Chr_column
0x0304	0x1683      	BSF        STATUS, 5
0x0305	0x1303      	BCF        STATUS, 6
0x0306	0x086B      	MOVF       _w1, 0
0x0307	0x1283      	BCF        STATUS, 5
0x0308	0x1703      	BSF        STATUS, 6
0x0309	0x0092      	MOVWF      FARG_Lcd_Chr_out_char
0x030A	0x20E7      	CALL       _Lcd_Chr
;security.c,209 :: 		Lcd_Chr(2, 5, q1);                 // Write the LSB ASCii value of timer on LCD
0x030B	0x3002      	MOVLW      2
0x030C	0x1283      	BCF        STATUS, 5
0x030D	0x1703      	BSF        STATUS, 6
0x030E	0x0090      	MOVWF      FARG_Lcd_Chr_row
0x030F	0x3005      	MOVLW      5
0x0310	0x0091      	MOVWF      FARG_Lcd_Chr_column
0x0311	0x1683      	BSF        STATUS, 5
0x0312	0x1303      	BCF        STATUS, 6
0x0313	0x086A      	MOVF       _q1, 0
0x0314	0x1283      	BCF        STATUS, 5
0x0315	0x1703      	BSF        STATUS, 6
0x0316	0x0092      	MOVWF      FARG_Lcd_Chr_out_char
0x0317	0x20E7      	CALL       _Lcd_Chr
;security.c,210 :: 		Lcd_Out(2,6,txt10);                // Write "Sec" on LCD
0x0318	0x3002      	MOVLW      2
0x0319	0x1283      	BCF        STATUS, 5
0x031A	0x1703      	BSF        STATUS, 6
0x031B	0x0090      	MOVWF      FARG_Lcd_Out_row
0x031C	0x3006      	MOVLW      6
0x031D	0x0091      	MOVWF      FARG_Lcd_Out_column
0x031E	0x3068      	MOVLW      _txt10
0x031F	0x0092      	MOVWF      FARG_Lcd_Out_text
0x0320	0x209E      	CALL       _Lcd_Out
;security.c,211 :: 		break;
0x0321	0x2B6A      	GOTO       L_system15
;security.c,213 :: 		default:
L_system30:
;security.c,214 :: 		Lcd_Out(1,1,txt1);                 // Write "No Zone is Armed"
0x0322	0x3001      	MOVLW      1
0x0323	0x1283      	BCF        STATUS, 5
0x0324	0x1703      	BSF        STATUS, 6
0x0325	0x0090      	MOVWF      FARG_Lcd_Out_row
0x0326	0x3001      	MOVLW      1
0x0327	0x0091      	MOVWF      FARG_Lcd_Out_column
0x0328	0x3053      	MOVLW      _txt1
0x0329	0x0092      	MOVWF      FARG_Lcd_Out_text
0x032A	0x209E      	CALL       _Lcd_Out
;security.c,215 :: 		a=1;
0x032B	0x3001      	MOVLW      1
0x032C	0x1283      	BCF        STATUS, 5
0x032D	0x00A0      	MOVWF      _a
;security.c,216 :: 		break;
0x032E	0x2B6A      	GOTO       L_system15
;security.c,217 :: 		}
L_system14:
0x032F	0x1283      	BCF        STATUS, 5
0x0330	0x1303      	BCF        STATUS, 6
0x0331	0x086E      	MOVF       _i, 0
0x0332	0x3A01      	XORLW      1
0x0333	0x1903      	BTFSC      STATUS, 2
0x0334	0x2985      	GOTO       L_system16
0x0335	0x086E      	MOVF       _i, 0
0x0336	0x3A02      	XORLW      2
0x0337	0x1903      	BTFSC      STATUS, 2
0x0338	0x2994      	GOTO       L_system17
0x0339	0x086E      	MOVF       _i, 0
0x033A	0x3A03      	XORLW      3
0x033B	0x1903      	BTFSC      STATUS, 2
0x033C	0x29A2      	GOTO       L_system18
0x033D	0x086E      	MOVF       _i, 0
0x033E	0x3A04      	XORLW      4
0x033F	0x1903      	BTFSC      STATUS, 2
0x0340	0x29B0      	GOTO       L_system19
0x0341	0x086E      	MOVF       _i, 0
0x0342	0x3A05      	XORLW      5
0x0343	0x1903      	BTFSC      STATUS, 2
0x0344	0x29BE      	GOTO       L_system20
0x0345	0x086E      	MOVF       _i, 0
0x0346	0x3A06      	XORLW      6
0x0347	0x1903      	BTFSC      STATUS, 2
0x0348	0x29CC      	GOTO       L_system21
0x0349	0x086E      	MOVF       _i, 0
0x034A	0x3A07      	XORLW      7
0x034B	0x1903      	BTFSC      STATUS, 2
0x034C	0x29DA      	GOTO       L_system22
0x034D	0x086E      	MOVF       _i, 0
0x034E	0x3A09      	XORLW      9
0x034F	0x1903      	BTFSC      STATUS, 2
0x0350	0x29E8      	GOTO       L_system23
0x0351	0x086E      	MOVF       _i, 0
0x0352	0x3A0A      	XORLW      10
0x0353	0x1903      	BTFSC      STATUS, 2
0x0354	0x2A14      	GOTO       L_system24
0x0355	0x086E      	MOVF       _i, 0
0x0356	0x3A0B      	XORLW      11
0x0357	0x1903      	BTFSC      STATUS, 2
0x0358	0x2A41      	GOTO       L_system25
0x0359	0x086E      	MOVF       _i, 0
0x035A	0x3A0C      	XORLW      12
0x035B	0x1903      	BTFSC      STATUS, 2
0x035C	0x2A6E      	GOTO       L_system26
0x035D	0x086E      	MOVF       _i, 0
0x035E	0x3A0D      	XORLW      13
0x035F	0x1903      	BTFSC      STATUS, 2
0x0360	0x2A9B      	GOTO       L_system27
0x0361	0x086E      	MOVF       _i, 0
0x0362	0x3A0E      	XORLW      14
0x0363	0x1903      	BTFSC      STATUS, 2
0x0364	0x2AC8      	GOTO       L_system28
0x0365	0x086E      	MOVF       _i, 0
0x0366	0x3A0F      	XORLW      15
0x0367	0x1903      	BTFSC      STATUS, 2
0x0368	0x2AF5      	GOTO       L_system29
0x0369	0x2B22      	GOTO       L_system30
L_system15:
;security.c,218 :: 		}
0x036A	0x0008      	RETURN
; end of _system
___CC2DW:
;__Lib_System.c,24 :: 		
;__Lib_System.c,27 :: 		
_CC2D_Loop1:
;__Lib_System.c,29 :: 		
0x036B	0x2097      	CALL       _____DoICP
0x036C	0x118A      	BCF        PCLATH, 3
0x036D	0x120A      	BCF        PCLATH, 4
;__Lib_System.c,31 :: 		
0x036E	0x0080      	MOVWF      INDF
;__Lib_System.c,32 :: 		
0x036F	0x0A84      	INCF       FSR, 1
;__Lib_System.c,33 :: 		
0x0370	0x0AE6      	INCF       ___DoICPAddr, 1
;__Lib_System.c,35 :: 		
0x0371	0x1903      	BTFSC      STATUS, 2
;__Lib_System.c,36 :: 		
0x0372	0x0AE7      	INCF       ___DoICPAddr+1, 1
;__Lib_System.c,37 :: 		
0x0373	0x03F0      	DECF       R0, 1
;__Lib_System.c,39 :: 		
0x0374	0x1D03      	BTFSS      STATUS, 2
;__Lib_System.c,40 :: 		
0x0375	0x2B6B      	GOTO       _CC2D_Loop1
;__Lib_System.c,42 :: 		
0x0376	0x0008      	RETURN
; end of ___CC2DW
_RBINT_ISR:
;security.c,31 :: 		void RBINT_ISR()                 // Interrupt service routine for PORTB interrupt on change
;security.c,33 :: 		i=PORTB;                         // For every interrupt save the value of PORTB in variable "i"
0x0377	0x1283      	BCF        STATUS, 5
0x0378	0x1303      	BCF        STATUS, 6
0x0379	0x0806      	MOVF       PORTB, 0
0x037A	0x00EE      	MOVWF      _i
;security.c,34 :: 		INTCON.RBIF=0;                   // Must clear PORTB interrupt on change flag
0x037B	0x100B      	BCF        INTCON, 0
;security.c,35 :: 		}
0x037C	0x0008      	RETURN
; end of _RBINT_ISR
_main:
0x037D	0x24CE      	CALL       1230
;security.c,50 :: 		void main()
;security.c,53 :: 		char b=0;
0x037E	0x1683      	BSF        STATUS, 5
0x037F	0x1303      	BCF        STATUS, 6
0x0380	0x01EE      	CLRF       main_b_L0
;security.c,54 :: 		time=10;
0x0381	0x300A      	MOVLW      10
0x0382	0x1283      	BCF        STATUS, 5
0x0383	0x00ED      	MOVWF      _time
;security.c,55 :: 		ANSELH=0x00;                          // Enable PORTB for Digital input
0x0384	0x1683      	BSF        STATUS, 5
0x0385	0x1703      	BSF        STATUS, 6
0x0386	0x0189      	CLRF       ANSELH
;security.c,56 :: 		TRISC = 0;                            // PORTC as output
0x0387	0x1303      	BCF        STATUS, 6
0x0388	0x0187      	CLRF       TRISC
;security.c,57 :: 		TRISB = 0xFF;                         // PORTB as input
0x0389	0x30FF      	MOVLW      255
0x038A	0x0086      	MOVWF      TRISB
;security.c,58 :: 		PORTB = 0xFF;                         // Initial value of PORTB on Reset
0x038B	0x30FF      	MOVLW      255
0x038C	0x1283      	BCF        STATUS, 5
0x038D	0x0086      	MOVWF      PORTB
;security.c,59 :: 		IOCB=0xFF;                            // Enable the bits of PORTB for interrupt
0x038E	0x30FF      	MOVLW      255
0x038F	0x1683      	BSF        STATUS, 5
0x0390	0x0096      	MOVWF      IOCB
;security.c,60 :: 		OPTION_REG=0x80;
0x0391	0x3080      	MOVLW      128
0x0392	0x0081      	MOVWF      OPTION_REG
;security.c,61 :: 		INTCON=0xC8;                          // PORTB Interrupt on change enabled
0x0393	0x30C8      	MOVLW      200
0x0394	0x008B      	MOVWF      INTCON
;security.c,62 :: 		Lcd_Init();                           // Initialize LCD, Built in function
0x0395	0x2135      	CALL       _Lcd_Init
;security.c,63 :: 		Lcd_Cmd(_LCD_CURSOR_OFF);             // Cursor off
0x0396	0x300C      	MOVLW      12
0x0397	0x1283      	BCF        STATUS, 5
0x0398	0x1703      	BSF        STATUS, 6
0x0399	0x0094      	MOVWF      FARG_Lcd_Cmd_out_char
0x039A	0x202E      	CALL       _Lcd_Cmd
;security.c,64 :: 		i=PORTB;                              // Save PORTB value in variable
0x039B	0x0806      	MOVF       PORTB, 0
0x039C	0x00EE      	MOVWF      _i
;security.c,65 :: 		abc:
___main_abc:
;security.c,66 :: 		time=10;
0x039D	0x300A      	MOVLW      10
0x039E	0x00ED      	MOVWF      _time
;security.c,67 :: 		b=1;
0x039F	0x3001      	MOVLW      1
0x03A0	0x1683      	BSF        STATUS, 5
0x03A1	0x00EE      	MOVWF      main_b_L0
;security.c,69 :: 		ARMED=0;
0x03A2	0x1283      	BCF        STATUS, 5
0x03A3	0x1307      	BCF        PORTC, 6
;security.c,70 :: 		BREACH=0;
0x03A4	0x1387      	BCF        PORTC, 7
;security.c,71 :: 		while(1)
L_main1:
;security.c,73 :: 		while(time>0)
L_main3:
0x03A5	0x086D      	MOVF       _time, 0
0x03A6	0x3C00      	SUBLW      0
0x03A7	0x1803      	BTFSC      STATUS, 0
0x03A8	0x2BF3      	GOTO       L_main4
;security.c,76 :: 		t1=time/10;         //////////////////////////////////////////////////////
0x03A9	0x300A      	MOVLW      10
0x03AA	0x00F4      	MOVWF      R4
0x03AB	0x086D      	MOVF       _time, 0
0x03AC	0x00F0      	MOVWF      R0
0x03AD	0x2124      	CALL       _Div_8x8_U
0x03AE	0x0870      	MOVF       R0, 0
0x03AF	0x1683      	BSF        STATUS, 5
0x03B0	0x00E8      	MOVWF      _t1
;security.c,77 :: 		q1=time%10;         //////////////////////////////////////////////////////
0x03B1	0x300A      	MOVLW      10
0x03B2	0x00F4      	MOVWF      R4
0x03B3	0x1283      	BCF        STATUS, 5
0x03B4	0x086D      	MOVF       _time, 0
0x03B5	0x00F0      	MOVWF      R0
0x03B6	0x2124      	CALL       _Div_8x8_U
0x03B7	0x0878      	MOVF       R8, 0
0x03B8	0x00F0      	MOVWF      R0
0x03B9	0x0870      	MOVF       R0, 0
0x03BA	0x1683      	BSF        STATUS, 5
0x03BB	0x00EA      	MOVWF      _q1
;security.c,78 :: 		w1=t1%10;
0x03BC	0x300A      	MOVLW      10
0x03BD	0x00F4      	MOVWF      R4
0x03BE	0x0868      	MOVF       _t1, 0
0x03BF	0x00F0      	MOVWF      R0
0x03C0	0x2124      	CALL       _Div_8x8_U
0x03C1	0x0878      	MOVF       R8, 0
0x03C2	0x00F0      	MOVWF      R0
0x03C3	0x0870      	MOVF       R0, 0
0x03C4	0x1683      	BSF        STATUS, 5
0x03C5	0x00EB      	MOVWF      _w1
;security.c,79 :: 		e1=t1/10;           ////// Conversion of decimal value of ///////////////
0x03C6	0x300A      	MOVLW      10
0x03C7	0x00F4      	MOVWF      R4
0x03C8	0x0868      	MOVF       _t1, 0
0x03C9	0x00F0      	MOVWF      R0
0x03CA	0x2124      	CALL       _Div_8x8_U
0x03CB	0x0870      	MOVF       R0, 0
0x03CC	0x00EF      	MOVWF      _e1
;security.c,80 :: 		q1=q1|0x30;         ////// count down timer to Ascii to /////////////////
0x03CD	0x3030      	MOVLW      48
0x03CE	0x1683      	BSF        STATUS, 5
0x03CF	0x04EA      	IORWF      _q1, 1
;security.c,81 :: 		w1=w1|0x30;         ////// display it on LCD ////////////////////////////
0x03D0	0x3030      	MOVLW      48
0x03D1	0x04EB      	IORWF      _w1, 1
;security.c,82 :: 		e1=e1|0x30;         //////////////////////////////////////////////////////
0x03D2	0x3030      	MOVLW      48
0x03D3	0x0470      	IORWF      R0, 0
0x03D4	0x1283      	BCF        STATUS, 5
0x03D5	0x00EF      	MOVWF      _e1
;security.c,84 :: 		if(i>8)
0x03D6	0x086E      	MOVF       _i, 0
0x03D7	0x3C08      	SUBLW      8
0x03D8	0x1803      	BTFSC      STATUS, 0
0x03D9	0x2BDB      	GOTO       L_main5
;security.c,85 :: 		--time;             // Decrease the timer value if i>8
0x03DA	0x03ED      	DECF       _time, 1
L_main5:
;security.c,87 :: 		system();           // Function to display the status of security on LCD according to input
0x03DB	0x2184      	CALL       _system
;security.c,88 :: 		Delay_ms(999);      // To produce a delay of 1 sec
0x03DC	0x300D      	MOVLW      13
0x03DD	0x1283      	BCF        STATUS, 5
0x03DE	0x1303      	BCF        STATUS, 6
0x03DF	0x00FB      	MOVWF      R11
0x03E0	0x30AC      	MOVLW      172
0x03E1	0x00FC      	MOVWF      R12
0x03E2	0x3077      	MOVLW      119
0x03E3	0x00FD      	MOVWF      R13
L_main6:
0x03E4	0x0BFD      	DECFSZ     R13, 1
0x03E5	0x2BE4      	GOTO       L_main6
0x03E6	0x0BFC      	DECFSZ     R12, 1
0x03E7	0x2BE4      	GOTO       L_main6
0x03E8	0x0BFB      	DECFSZ     R11, 1
0x03E9	0x2BE4      	GOTO       L_main6
;security.c,90 :: 		Lcd_Cmd(_LCD_CLEAR);                // Clear display
0x03EA	0x3001      	MOVLW      1
0x03EB	0x1703      	BSF        STATUS, 6
0x03EC	0x0094      	MOVWF      FARG_Lcd_Cmd_out_char
0x03ED	0x202E      	CALL       _Lcd_Cmd
;security.c,91 :: 		Lcd_Cmd(_LCD_CURSOR_OFF);           // Cursor off
0x03EE	0x300C      	MOVLW      12
0x03EF	0x1703      	BSF        STATUS, 6
0x03F0	0x0094      	MOVWF      FARG_Lcd_Cmd_out_char
0x03F1	0x202E      	CALL       _Lcd_Cmd
;security.c,92 :: 		}
0x03F2	0x2BA5      	GOTO       L_main3
L_main4:
;security.c,94 :: 		if(i==15 && a>0)                    // Condition to check that system is armed or not
0x03F3	0x086E      	MOVF       _i, 0
0x03F4	0x3A0F      	XORLW      15
0x03F5	0x1D03      	BTFSS      STATUS, 2
0x03F6	0x2C07      	GOTO       L_main9
0x03F7	0x0820      	MOVF       _a, 0
0x03F8	0x3C00      	SUBLW      0
0x03F9	0x1803      	BTFSC      STATUS, 0
0x03FA	0x2C07      	GOTO       L_main9
L__main31:
;security.c,96 :: 		Lcd_Out(1,1,txt11);                 // Write "System Armed" on LCD
0x03FB	0x3001      	MOVLW      1
0x03FC	0x1703      	BSF        STATUS, 6
0x03FD	0x0090      	MOVWF      FARG_Lcd_Out_row
0x03FE	0x3001      	MOVLW      1
0x03FF	0x0091      	MOVWF      FARG_Lcd_Out_column
0x0400	0x30A0      	MOVLW      _txt11
0x0401	0x0092      	MOVWF      FARG_Lcd_Out_text
0x0402	0x209E      	CALL       _Lcd_Out
;security.c,97 :: 		ARMED=1;                            // LED to indicate that system is armed
0x0403	0x1283      	BCF        STATUS, 5
0x0404	0x1707      	BSF        PORTC, 6
;security.c,98 :: 		b=0;                                // Controls the security breach loop
0x0405	0x1683      	BSF        STATUS, 5
0x0406	0x01EE      	CLRF       main_b_L0
;security.c,99 :: 		}
L_main9:
;security.c,100 :: 		while(b)                            // start of security breach loop
L_main10:
0x0407	0x1683      	BSF        STATUS, 5
0x0408	0x086E      	MOVF       main_b_L0, 0
0x0409	0x1903      	BTFSC      STATUS, 2
0x040A	0x2C2C      	GOTO       L_main11
;security.c,102 :: 		Lcd_Cmd(_LCD_CLEAR);                // Clear display
0x040B	0x3001      	MOVLW      1
0x040C	0x1283      	BCF        STATUS, 5
0x040D	0x1703      	BSF        STATUS, 6
0x040E	0x0094      	MOVWF      FARG_Lcd_Cmd_out_char
0x040F	0x202E      	CALL       _Lcd_Cmd
;security.c,103 :: 		Lcd_Cmd(_LCD_CURSOR_OFF);           // Cursor off
0x0410	0x300C      	MOVLW      12
0x0411	0x1703      	BSF        STATUS, 6
0x0412	0x0094      	MOVWF      FARG_Lcd_Cmd_out_char
0x0413	0x202E      	CALL       _Lcd_Cmd
;security.c,104 :: 		Lcd_Out(1,1,txt12);                 // Write "Breach" on LCD
0x0414	0x3001      	MOVLW      1
0x0415	0x1703      	BSF        STATUS, 6
0x0416	0x0090      	MOVWF      FARG_Lcd_Out_row
0x0417	0x3001      	MOVLW      1
0x0418	0x0091      	MOVWF      FARG_Lcd_Out_column
0x0419	0x3061      	MOVLW      _txt12
0x041A	0x0092      	MOVWF      FARG_Lcd_Out_text
0x041B	0x209E      	CALL       _Lcd_Out
;security.c,105 :: 		Delay_ms(1000);
0x041C	0x300D      	MOVLW      13
0x041D	0x00FB      	MOVWF      R11
0x041E	0x30AF      	MOVLW      175
0x041F	0x00FC      	MOVWF      R12
0x0420	0x30B6      	MOVLW      182
0x0421	0x00FD      	MOVWF      R13
L_main12:
0x0422	0x0BFD      	DECFSZ     R13, 1
0x0423	0x2C22      	GOTO       L_main12
0x0424	0x0BFC      	DECFSZ     R12, 1
0x0425	0x2C22      	GOTO       L_main12
0x0426	0x0BFB      	DECFSZ     R11, 1
0x0427	0x2C22      	GOTO       L_main12
0x0428	0x0000      	NOP
;security.c,106 :: 		BREACH=1;                           // LED to indicate that system is breached
0x0429	0x1283      	BCF        STATUS, 5
0x042A	0x1787      	BSF        PORTC, 7
;security.c,107 :: 		}
0x042B	0x2C07      	GOTO       L_main10
L_main11:
0x042C	0x1283      	BCF        STATUS, 5
;security.c,109 :: 		if(i<15)                            // Condition to check that system is breached after successful system arming or not
0x042D	0x300F      	MOVLW      15
0x042E	0x026E      	SUBWF      _i, 0
0x042F	0x1803      	BTFSC      STATUS, 0
0x0430	0x2C33      	GOTO       L_main13
;security.c,111 :: 		--a;
0x0431	0x03A0      	DECF       _a, 1
;security.c,112 :: 		goto abc;                           // Jump back to the start of code to check the security breach after successful system arming
0x0432	0x2B9D      	GOTO       ___main_abc
;security.c,113 :: 		}
L_main13:
;security.c,115 :: 		}
0x0433	0x2BA5      	GOTO       L_main1
;security.c,116 :: 		}
0x0434	0x2C34      	GOTO       $+0
; end of _main
0x04CE	0x3020      	MOVLW      32
0x04CF	0x0084      	MOVWF      FSR
0x04D0	0x3048      	MOVLW      72
0x04D1	0x1283      	BCF        STATUS, 5
0x04D2	0x1303      	BCF        STATUS, 6
0x04D3	0x00F0      	MOVWF      R0
0x04D4	0x303A      	MOVLW      58
0x04D5	0x1683      	BSF        STATUS, 5
0x04D6	0x00E6      	MOVWF      ___DoICPAddr
0x04D7	0x3004      	MOVLW      4
0x04D8	0x00E7      	MOVWF      231
0x04D9	0x236B      	CALL       875
0x04DA	0x30A0      	MOVLW      160
0x04DB	0x0084      	MOVWF      FSR
0x04DC	0x3046      	MOVLW      70
0x04DD	0x1283      	BCF        STATUS, 5
0x04DE	0x1303      	BCF        STATUS, 6
0x04DF	0x00F0      	MOVWF      R0
0x04E0	0x3082      	MOVLW      130
0x04E1	0x1683      	BSF        STATUS, 5
0x04E2	0x00E6      	MOVWF      ___DoICPAddr
0x04E3	0x3004      	MOVLW      4
0x04E4	0x00E7      	MOVWF      231
0x04E5	0x236B      	CALL       875
0x04E6	0x3068      	MOVLW      104
0x04E7	0x0084      	MOVWF      FSR
0x04E8	0x3005      	MOVLW      5
0x04E9	0x1283      	BCF        STATUS, 5
0x04EA	0x1303      	BCF        STATUS, 6
0x04EB	0x00F0      	MOVWF      R0
0x04EC	0x30C8      	MOVLW      200
0x04ED	0x1683      	BSF        STATUS, 5
0x04EE	0x00E6      	MOVWF      ___DoICPAddr
0x04EF	0x3004      	MOVLW      4
0x04F0	0x00E7      	MOVWF      231
0x04F1	0x236B      	CALL       875
0x04F2	0x0008      	RETURN
;security.c,0 :: ?ICS_a
0x043A	0x3401 ;?ICS_a+0
; end of ?ICS_a
;security.c,0 :: ?ICS_txt2
0x043B	0x345A ;?ICS_txt2+0
0x043C	0x346F ;?ICS_txt2+1
0x043D	0x346E ;?ICS_txt2+2
0x043E	0x3465 ;?ICS_txt2+3
0x043F	0x3420 ;?ICS_txt2+4
0x0440	0x3431 ;?ICS_txt2+5
0x0441	0x3420 ;?ICS_txt2+6
0x0442	0x3441 ;?ICS_txt2+7
0x0443	0x3472 ;?ICS_txt2+8
0x0444	0x346D ;?ICS_txt2+9
0x0445	0x3464 ;?ICS_txt2+10
0x0446	0x3400 ;?ICS_txt2+11
; end of ?ICS_txt2
;security.c,0 :: ?ICS_txt4
0x0447	0x345A ;?ICS_txt4+0
0x0448	0x346F ;?ICS_txt4+1
0x0449	0x346E ;?ICS_txt4+2
0x044A	0x3465 ;?ICS_txt4+3
0x044B	0x3420 ;?ICS_txt4+4
0x044C	0x3433 ;?ICS_txt4+5
0x044D	0x3420 ;?ICS_txt4+6
0x044E	0x3441 ;?ICS_txt4+7
0x044F	0x3472 ;?ICS_txt4+8
0x0450	0x346D ;?ICS_txt4+9
0x0451	0x3464 ;?ICS_txt4+10
0x0452	0x3400 ;?ICS_txt4+11
; end of ?ICS_txt4
;security.c,0 :: ?ICS_txt5
0x0453	0x345A ;?ICS_txt5+0
0x0454	0x346F ;?ICS_txt5+1
0x0455	0x346E ;?ICS_txt5+2
0x0456	0x3465 ;?ICS_txt5+3
0x0457	0x3420 ;?ICS_txt5+4
0x0458	0x3431 ;?ICS_txt5+5
0x0459	0x3426 ;?ICS_txt5+6
0x045A	0x3432 ;?ICS_txt5+7
0x045B	0x3420 ;?ICS_txt5+8
0x045C	0x3441 ;?ICS_txt5+9
0x045D	0x3472 ;?ICS_txt5+10
0x045E	0x346D ;?ICS_txt5+11
0x045F	0x3464 ;?ICS_txt5+12
0x0460	0x3400 ;?ICS_txt5+13
; end of ?ICS_txt5
;security.c,0 :: ?ICS_txt3
0x0461	0x345A ;?ICS_txt3+0
0x0462	0x346F ;?ICS_txt3+1
0x0463	0x346E ;?ICS_txt3+2
0x0464	0x3465 ;?ICS_txt3+3
0x0465	0x3420 ;?ICS_txt3+4
0x0466	0x3432 ;?ICS_txt3+5
0x0467	0x3420 ;?ICS_txt3+6
0x0468	0x3441 ;?ICS_txt3+7
0x0469	0x3472 ;?ICS_txt3+8
0x046A	0x346D ;?ICS_txt3+9
0x046B	0x3464 ;?ICS_txt3+10
0x046C	0x3400 ;?ICS_txt3+11
; end of ?ICS_txt3
;security.c,0 :: ?ICS_txt1
0x046D	0x344E ;?ICS_txt1+0
0x046E	0x346F ;?ICS_txt1+1
0x046F	0x3420 ;?ICS_txt1+2
0x0470	0x345A ;?ICS_txt1+3
0x0471	0x346F ;?ICS_txt1+4
0x0472	0x346E ;?ICS_txt1+5
0x0473	0x3465 ;?ICS_txt1+6
0x0474	0x3420 ;?ICS_txt1+7
0x0475	0x3441 ;?ICS_txt1+8
0x0476	0x3472 ;?ICS_txt1+9
0x0477	0x346D ;?ICS_txt1+10
0x0478	0x3465 ;?ICS_txt1+11
0x0479	0x3464 ;?ICS_txt1+12
0x047A	0x3400 ;?ICS_txt1+13
; end of ?ICS_txt1
;security.c,0 :: ?ICS_txt12
0x047B	0x3442 ;?ICS_txt12+0
0x047C	0x3472 ;?ICS_txt12+1
0x047D	0x3465 ;?ICS_txt12+2
0x047E	0x3461 ;?ICS_txt12+3
0x047F	0x3463 ;?ICS_txt12+4
0x0480	0x3468 ;?ICS_txt12+5
0x0481	0x3400 ;?ICS_txt12+6
; end of ?ICS_txt12
;security.c,0 :: ?ICS_txt11
0x0482	0x3453 ;?ICS_txt11+0
0x0483	0x3479 ;?ICS_txt11+1
0x0484	0x3473 ;?ICS_txt11+2
0x0485	0x3474 ;?ICS_txt11+3
0x0486	0x3465 ;?ICS_txt11+4
0x0487	0x346D ;?ICS_txt11+5
0x0488	0x3420 ;?ICS_txt11+6
0x0489	0x3441 ;?ICS_txt11+7
0x048A	0x3472 ;?ICS_txt11+8
0x048B	0x346D ;?ICS_txt11+9
0x048C	0x3465 ;?ICS_txt11+10
0x048D	0x3464 ;?ICS_txt11+11
0x048E	0x3400 ;?ICS_txt11+12
; end of ?ICS_txt11
;security.c,0 :: ?ICS_txt9
0x048F	0x3453 ;?ICS_txt9+0
0x0490	0x3479 ;?ICS_txt9+1
0x0491	0x3473 ;?ICS_txt9+2
0x0492	0x3474 ;?ICS_txt9+3
0x0493	0x3465 ;?ICS_txt9+4
0x0494	0x346D ;?ICS_txt9+5
0x0495	0x3420 ;?ICS_txt9+6
0x0496	0x3441 ;?ICS_txt9+7
0x0497	0x3472 ;?ICS_txt9+8
0x0498	0x346D ;?ICS_txt9+9
0x0499	0x3465 ;?ICS_txt9+10
0x049A	0x3464 ;?ICS_txt9+11
0x049B	0x3420 ;?ICS_txt9+12
0x049C	0x3469 ;?ICS_txt9+13
0x049D	0x346E ;?ICS_txt9+14
0x049E	0x3400 ;?ICS_txt9+15
; end of ?ICS_txt9
;security.c,0 :: ?ICS_txt8
0x049F	0x3452 ;?ICS_txt8+0
0x04A0	0x3465 ;?ICS_txt8+1
0x04A1	0x3461 ;?ICS_txt8+2
0x04A2	0x3464 ;?ICS_txt8+3
0x04A3	0x3479 ;?ICS_txt8+4
0x04A4	0x3420 ;?ICS_txt8+5
0x04A5	0x3474 ;?ICS_txt8+6
0x04A6	0x346F ;?ICS_txt8+7
0x04A7	0x3420 ;?ICS_txt8+8
0x04A8	0x3441 ;?ICS_txt8+9
0x04A9	0x3472 ;?ICS_txt8+10
0x04AA	0x346D ;?ICS_txt8+11
0x04AB	0x3400 ;?ICS_txt8+12
; end of ?ICS_txt8
;security.c,0 :: ?ICS_txt7
0x04AC	0x345A ;?ICS_txt7+0
0x04AD	0x346F ;?ICS_txt7+1
0x04AE	0x346E ;?ICS_txt7+2
0x04AF	0x3465 ;?ICS_txt7+3
0x04B0	0x3420 ;?ICS_txt7+4
0x04B1	0x3432 ;?ICS_txt7+5
0x04B2	0x3426 ;?ICS_txt7+6
0x04B3	0x3433 ;?ICS_txt7+7
0x04B4	0x3420 ;?ICS_txt7+8
0x04B5	0x3441 ;?ICS_txt7+9
0x04B6	0x3472 ;?ICS_txt7+10
0x04B7	0x346D ;?ICS_txt7+11
0x04B8	0x3464 ;?ICS_txt7+12
0x04B9	0x3400 ;?ICS_txt7+13
; end of ?ICS_txt7
;security.c,0 :: ?ICS_txt6
0x04BA	0x345A ;?ICS_txt6+0
0x04BB	0x346F ;?ICS_txt6+1
0x04BC	0x346E ;?ICS_txt6+2
0x04BD	0x3465 ;?ICS_txt6+3
0x04BE	0x3420 ;?ICS_txt6+4
0x04BF	0x3431 ;?ICS_txt6+5
0x04C0	0x3426 ;?ICS_txt6+6
0x04C1	0x3433 ;?ICS_txt6+7
0x04C2	0x3420 ;?ICS_txt6+8
0x04C3	0x3441 ;?ICS_txt6+9
0x04C4	0x3472 ;?ICS_txt6+10
0x04C5	0x346D ;?ICS_txt6+11
0x04C6	0x3464 ;?ICS_txt6+12
0x04C7	0x3400 ;?ICS_txt6+13
; end of ?ICS_txt6
;security.c,0 :: ?ICS_txt10
0x04C8	0x3420 ;?ICS_txt10+0
0x04C9	0x3453 ;?ICS_txt10+1
0x04CA	0x3465 ;?ICS_txt10+2
0x04CB	0x3463 ;?ICS_txt10+3
0x04CC	0x3400 ;?ICS_txt10+4
; end of ?ICS_txt10
Symbol List:
//** Routines locations **
//ADDRESS    SIZE    PROCEDURE
//----------------------------------------------
0x0004      [19]    _interrupt
0x0017       [8]    _Delay_50us
0x001F       [3]    _Delay_1us
0x0022      [12]    _Delay_5500us
0x002E      [94]    _Lcd_Cmd
0x008C      [11]    _Lcd_Chr_CP
0x0097       [7]    _____DoICP
0x009E      [73]    _Lcd_Out
0x00E7      [61]    _Lcd_Chr
0x0124      [17]    _Div_8x8_U
0x0135      [79]    _Lcd_Init
0x0184     [487]    _system
0x036B      [12]    ___CC2DW
0x0377       [6]    _RBINT_ISR
0x037D     [183]    _main
//** Variables locations ** 
//ADDRESS    SIZE    VARIABLE
//----------------------------------------------
0x0000       [1]    INDF
0x0001       [1]    TMR0
0x0002       [1]    PCL
0x0003       [0]    NOT_PD_bit
0x0003       [0]    Z_bit
0x0003       [0]    C_bit
0x0003       [1]    STATUS
0x0003       [0]    DC_bit
0x0003       [0]    RP0_bit
0x0003       [0]    NOT_TO_bit
0x0003       [0]    IRP_bit
0x0003       [0]    RP1_bit
0x0004       [1]    FSRPTR
0x0004       [1]    FSR
0x0005       [0]    RA0_bit
0x0005       [0]    RA7_bit
0x0005       [0]    RA2_bit
0x0005       [0]    RA1_bit
0x0005       [0]    RA6_bit
0x0005       [0]    RA3_bit
0x0005       [0]    RA4_bit
0x0005       [1]    PORTA
0x0005       [0]    RA5_bit
0x0006       [0]    RB5_bit
0x0006       [0]    RB6_bit
0x0006       [1]    PORTB
0x0006       [0]    RB7_bit
0x0006       [0]    RB2_bit
0x0006       [0]    RB1_bit
0x0006       [0]    RB0_bit
0x0006       [0]    RB4_bit
0x0006       [0]    RB3_bit
0x0007       [0]    LCD_D6
0x0007       [0]    LCD_D7
0x0007       [0]    LCD_D5
0x0007       [0]    RC4_bit
0x0007       [0]    RC3_bit
0x0007       [0]    RC5_bit
0x0007       [0]    RC6_bit
0x0007       [0]    RC7_bit
0x0007       [0]    RC2_bit
0x0007       [0]    LCD_EN
0x0007       [0]    LCD_D4
0x0007       [0]    RC0_bit
0x0007       [0]    LCD_RS
0x0007       [0]    RC1_bit
0x0007       [1]    PORTC
0x0008       [0]    RD6_bit
0x0008       [0]    RD5_bit
0x0008       [0]    RD0_bit
0x0008       [0]    RD7_bit
0x0008       [0]    RD2_bit
0x0008       [1]    PORTD
0x0008       [0]    RD3_bit
0x0008       [0]    RD1_bit
0x0008       [0]    RD4_bit
0x0009       [1]    PORTE
0x0009       [0]    RE0_bit
0x0009       [0]    RE1_bit
0x0009       [0]    RE2_bit
0x0009       [0]    RE3_bit
0x000A       [1]    PCLATH
0x000B       [0]    RBIE_bit
0x000B       [0]    TMR0IE_bit
0x000B       [0]    PEIE_bit
0x000B       [0]    INTE_bit
0x000B       [0]    INTF_bit
0x000B       [0]    TMR0IF_bit
0x000B       [0]    GIE_bit
0x000B       [1]    INTCON
0x000B       [0]    RBIF_bit
0x000B       [0]    T0IF_bit
0x000B       [0]    T0IE_bit
0x000C       [0]    RCIF_bit
0x000C       [0]    TMR2IF_bit
0x000C       [0]    TMR1IF_bit
0x000C       [0]    ADIF_bit
0x000C       [1]    PIR1
0x000C       [0]    TXIF_bit
0x000C       [0]    CCP1IF_bit
0x000C       [0]    SSPIF_bit
0x000D       [0]    EEIF_bit
0x000D       [0]    C1IF_bit
0x000D       [0]    CCP2IF_bit
0x000D       [0]    BCLIF_bit
0x000D       [0]    ULPWUIF_bit
0x000D       [0]    C2IF_bit
0x000D       [0]    OSFIF_bit
0x000D       [1]    PIR2
0x000E       [1]    TMR1L
0x000F       [1]    TMR1H
0x0010       [0]    TMR1ON_bit
0x0010       [1]    T1CON
0x0010       [0]    T1CKPS1_bit
0x0010       [0]    T1INSYNC_bit
0x0010       [0]    NOT_T1SYNC_bit
0x0010       [0]    T1OSCEN_bit
0x0010       [0]    T1CKPS0_bit
0x0010       [0]    TMR1CS_bit
0x0010       [0]    T1SYNC_bit
0x0010       [0]    T1GINV_bit
0x0010       [0]    TMR1GE_bit
0x0011       [1]    TMR2
0x0012       [0]    TMR2ON_bit
0x0012       [0]    T2CKPS0_bit
0x0012       [0]    T2CKPS1_bit
0x0012       [0]    TOUTPS1_bit
0x0012       [0]    TOUTPS2_bit
0x0012       [1]    T2CON
0x0012       [0]    TOUTPS0_bit
0x0012       [0]    TOUTPS3_bit
0x0013       [1]    SSPBUF
0x0014       [0]    SSPM3_bit
0x0014       [1]    SSPCON
0x0014       [0]    SSPM2_bit
0x0014       [0]    SSPM1_bit
0x0014       [0]    SSPM0_bit
0x0014       [0]    CKP_bit
0x0014       [0]    SSPOV_bit
0x0014       [0]    WCOL_bit
0x0014       [0]    SSPEN_bit
0x0015       [1]    CCPR1L
0x0015       [2]    CCPR1
0x0016       [1]    CCPR1H
0x0017       [0]    DC1B0_bit
0x0017       [0]    CCP1X_bit
0x0017       [0]    DC1B1_bit
0x0017       [0]    CCP1M3_bit
0x0017       [0]    CCP1M1_bit
0x0017       [0]    CCP1M2_bit
0x0017       [0]    CCP1Y_bit
0x0017       [0]    CCP1M0_bit
0x0017       [0]    P1M0_bit
0x0017       [0]    P1M1_bit
0x0017       [1]    CCP1CON
0x0018       [0]    RC8_9_bit
0x0018       [0]    SREN_bit
0x0018       [1]    RCSTA
0x0018       [0]    RC9_bit
0x0018       [0]    NOT_RC8_bit
0x0018       [0]    SPEN_bit
0x0018       [0]    RX9_bit
0x0018       [0]    RX9D_bit
0x0018       [0]    RCD8_bit
0x0018       [0]    FERR_bit
0x0018       [0]    OERR_bit
0x0018       [0]    CREN_bit
0x0018       [0]    ADDEN_bit
0x0019       [1]    TXREG
0x001A       [1]    RCREG
0x001B       [1]    CCPR2L
0x001B       [2]    CCPR2
0x001C       [1]    CCPR2H
0x001D       [0]    CCP2M0_bit
0x001D       [0]    CCP2M1_bit
0x001D       [0]    CCP2M2_bit
0x001D       [0]    CCP2Y_bit
0x001D       [0]    DC2B0_bit
0x001D       [0]    CCP2X_bit
0x001D       [0]    DC2B1_bit
0x001D       [0]    CCP2M3_bit
0x001D       [1]    CCP2CON
0x001E       [1]    ADRESH
0x001F       [0]    ADCS0_bit
0x001F       [0]    CHS0_bit
0x001F       [0]    NOT_DONE_bit
0x001F       [0]    GO_bit
0x001F       [0]    ADCS1_bit
0x001F       [0]    CHS2_bit
0x001F       [0]    ADON_bit
0x001F       [0]    GO_DONE_bit
0x001F       [0]    CHS3_bit
0x001F       [0]    CHS1_bit
0x001F       [1]    ADCON0
0x0020       [1]    _a
0x0021      [12]    _txt2
0x002D      [12]    _txt4
0x0039      [14]    _txt5
0x0047      [12]    _txt3
0x0053      [14]    _txt1
0x0061       [7]    _txt12
0x0068       [5]    _txt10
0x006D       [1]    _time
0x006E       [1]    _i
0x006F       [1]    _e1
0x0070       [1]    R0
0x0071       [1]    R1
0x0072       [1]    R2
0x0073       [1]    R3
0x0074       [1]    R4
0x0075       [1]    R5
0x0076       [1]    R6
0x0077       [1]    R7
0x0078       [1]    R8
0x0079       [1]    R9
0x007A       [1]    R10
0x007B       [1]    R11
0x007C       [1]    R12
0x007D       [1]    R13
0x007E       [1]    R14
0x007F       [1]    R15
0x0081       [0]    PS2_bit
0x0081       [0]    PSA_bit
0x0081       [0]    PS0_bit
0x0081       [0]    PS1_bit
0x0081       [1]    OPTION_REG
0x0081       [0]    T0CS_bit
0x0081       [0]    INTEDG_bit
0x0081       [0]    NOT_RBPU_bit
0x0081       [0]    T0SE_bit
0x0085       [1]    TRISA
0x0085       [0]    TRISA2_bit
0x0085       [0]    TRISA0_bit
0x0085       [0]    TRISA1_bit
0x0085       [0]    TRISA3_bit
0x0085       [0]    TRISA5_bit
0x0085       [0]    TRISA4_bit
0x0085       [0]    TRISA7_bit
0x0085       [0]    TRISA6_bit
0x0086       [0]    TRISB2_bit
0x0086       [0]    TRISB7_bit
0x0086       [0]    TRISB6_bit
0x0086       [1]    TRISB
0x0086       [0]    TRISB4_bit
0x0086       [0]    TRISB0_bit
0x0086       [0]    TRISB1_bit
0x0086       [0]    TRISB5_bit
0x0086       [0]    TRISB3_bit
0x0087       [0]    LCD_D7_Direction
0x0087       [0]    TRISC7_bit
0x0087       [0]    LCD_D6_Direction
0x0087       [0]    LCD_D5_Direction
0x0087       [0]    TRISC6_bit
0x0087       [0]    LCD_EN_Direction
0x0087       [1]    TRISC
0x0087       [0]    TRISC3_bit
0x0087       [0]    LCD_RS_Direction
0x0087       [0]    TRISC2_bit
0x0087       [0]    TRISC0_bit
0x0087       [0]    LCD_D4_Direction
0x0087       [0]    TRISC5_bit
0x0087       [0]    TRISC1_bit
0x0087       [0]    TRISC4_bit
0x0088       [0]    TRISD3_bit
0x0088       [0]    TRISD6_bit
0x0088       [0]    TRISD7_bit
0x0088       [0]    TRISD4_bit
0x0088       [0]    TRISD5_bit
0x0088       [0]    TRISD0_bit
0x0088       [1]    TRISD
0x0088       [0]    TRISD1_bit
0x0088       [0]    TRISD2_bit
0x0089       [0]    TRISE3_bit
0x0089       [1]    TRISE
0x0089       [0]    TRISE2_bit
0x0089       [0]    TRISE1_bit
0x0089       [0]    TRISE0_bit
0x008C       [0]    TMR1IE_bit
0x008C       [0]    TXIE_bit
0x008C       [1]    PIE1
0x008C       [0]    RCIE_bit
0x008C       [0]    ADIE_bit
0x008C       [0]    CCP1IE_bit
0x008C       [0]    TMR2IE_bit
0x008C       [0]    SSPIE_bit
0x008D       [0]    C2IE_bit
0x008D       [0]    OSFIE_bit
0x008D       [1]    PIE2
0x008D       [0]    ULPWUIE_bit
0x008D       [0]    CCP2IE_bit
0x008D       [0]    BCLIE_bit
0x008D       [0]    C1IE_bit
0x008D       [0]    EEIE_bit
0x008E       [0]    NOT_BOR_bit
0x008E       [0]    NOT_BO_bit
0x008E       [0]    NOT_POR_bit
0x008E       [0]    SBOREN_bit
0x008E       [1]    PCON
0x008E       [0]    ULPWUE_bit
0x008F       [1]    OSCCON
0x008F       [0]    HTS_bit
0x008F       [0]    LTS_bit
0x008F       [0]    SCS_bit
0x008F       [0]    OSTS_bit
0x008F       [0]    IRCF2_bit
0x008F       [0]    IRCF1_bit
0x008F       [0]    IRCF0_bit
0x0090       [0]    TUN3_bit
0x0090       [0]    TUN4_bit
0x0090       [0]    TUN2_bit
0x0090       [0]    TUN1_bit
0x0090       [0]    TUN0_bit
0x0090       [1]    OSCTUNE
0x0091       [0]    ACKEN_bit
0x0091       [0]    GCEN_bit
0x0091       [0]    ACKSTAT_bit
0x0091       [0]    ACKDT_bit
0x0091       [0]    RSEN_bit
0x0091       [0]    SEN_bit
0x0091       [1]    SSPCON2
0x0091       [0]    PEN_bit
0x0091       [0]    RCEN_bit
0x0092       [1]    PR2
0x0093       [1]    SSPMSK
0x0093       [1]    SSPADD
0x0093       [1]    MSK
0x0094       [1]    SSPSTAT
0x0094       [0]    R_bit
0x0094       [0]    I2C_START__bit
0x0094       [0]    UA_bit
0x0094       [0]    READ_WRITE_bit
0x0094       [0]    R_W_bit
0x0094       [0]    NOT_WRITE_bit
0x0094       [0]    I2C_READ_bit
0x0094       [0]    NOT_W_bit
0x0094       [0]    BF_bit
0x0094       [0]    I2C_DATA_bit
0x0094       [0]    NOT_A_bit
0x0094       [0]    NOT_ADDRESS_bit
0x0094       [0]    SMP_bit
0x0094       [0]    CKE_bit
0x0094       [0]    D_bit
0x0094       [0]    D_A_bit
0x0094       [0]    P_bit
0x0094       [0]    I2C_STOP__bit
0x0094       [0]    S_bit
0x0094       [0]    DATA_ADDRESS_bit
0x0095       [0]    WPUB5_bit
0x0095       [0]    WPUB7_bit
0x0095       [0]    WPUB6_bit
0x0095       [0]    WPUB4_bit
0x0095       [0]    WPUB3_bit
0x0095       [0]    WPUB2_bit
0x0095       [0]    WPUB1_bit
0x0095       [0]    WPUB0_bit
0x0095       [1]    WPUB
0x0096       [0]    IOCB5_bit
0x0096       [0]    IOCB6_bit
0x0096       [0]    IOCB7_bit
0x0096       [0]    IOCB4_bit
0x0096       [0]    IOCB1_bit
0x0096       [0]    IOCB0_bit
0x0096       [0]    IOCB3_bit
0x0096       [0]    IOCB2_bit
0x0096       [1]    IOCB
0x0097       [0]    VR2_bit
0x0097       [0]    VR3_bit
0x0097       [0]    VR0_bit
0x0097       [0]    VR1_bit
0x0097       [0]    VRSS_bit
0x0097       [0]    VROE_bit
0x0097       [0]    VREN_bit
0x0097       [0]    VRR_bit
0x0097       [1]    VRCON
0x0098       [1]    TXSTA
0x0098       [0]    TXEN_bit
0x0098       [0]    BRGH_bit
0x0098       [0]    SENDB_bit
0x0098       [0]    TX8_9_bit
0x0098       [0]    NOT_TX8_bit
0x0098       [0]    TRMT_bit
0x0098       [0]    TX9D_bit
0x0098       [0]    CSRC_bit
0x0098       [0]    TXD8_bit
0x0098       [0]    SYNC_bit
0x0098       [0]    TX9_bit
0x0099       [0]    BRG5_bit
0x0099       [0]    BRG4_bit
0x0099       [0]    BRG7_bit
0x0099       [0]    BRG6_bit
0x0099       [0]    BRG3_bit
0x0099       [0]    BRG0_bit
0x0099       [1]    SPBRG
0x0099       [0]    BRG2_bit
0x0099       [0]    BRG1_bit
0x009A       [0]    BRG10_bit
0x009A       [0]    BRG11_bit
0x009A       [0]    BRG8_bit
0x009A       [0]    BRG9_bit
0x009A       [0]    BRG12_bit
0x009A       [0]    BRG14_bit
0x009A       [0]    BRG15_bit
0x009A       [0]    BRG13_bit
0x009A       [1]    SPBRGH
0x009B       [0]    PDC6_bit
0x009B       [0]    PRSEN_bit
0x009B       [0]    PDC5_bit
0x009B       [0]    PDC1_bit
0x009B       [0]    PDC0_bit
0x009B       [1]    PWM1CON
0x009B       [0]    PDC2_bit
0x009B       [0]    PDC3_bit
0x009B       [0]    PDC4_bit
0x009C       [1]    ECCPAS
0x009C       [0]    ECCPAS0_bit
0x009C       [0]    PSSBD1_bit
0x009C       [0]    PSSBD0_bit
0x009C       [0]    PSSAC0_bit
0x009C       [0]    PSSAC1_bit
0x009C       [0]    ECCPAS1_bit
0x009C       [0]    ECCPAS2_bit
0x009C       [0]    ECCPASE_bit
0x009D       [0]    STRA_bit
0x009D       [0]    STRD_bit
0x009D       [0]    STRSYNC_bit
0x009D       [0]    STRB_bit
0x009D       [0]    STRC_bit
0x009D       [1]    PSTRCON
0x009E       [1]    ADRESL
0x009F       [1]    ADCON1
0x009F       [0]    ADFM_bit
0x009F       [0]    VCFG1_bit
0x009F       [0]    VCFG0_bit
0x00A0      [13]    _txt11
0x00AD      [16]    _txt9
0x00BD      [13]    _txt8
0x00CA      [14]    _txt7
0x00D8      [14]    _txt6
0x00E6       [2]    ___DoICPAddr
0x00E8       [1]    _t1
0x00E9       [0]    __Lib_Lcd_cmd_status
0x00EA       [1]    _q1
0x00EB       [1]    _w1
0x00EC       [1]    ___saveSTATUS
0x00ED       [1]    ___savePCLATH
0x00EE       [1]    main_b_L0
0x00EF       [1]    Lcd_Out_i_L0
0x0105       [0]    WDTPS1_bit
0x0105       [0]    WDTPS2_bit
0x0105       [0]    WDTPS0_bit
0x0105       [0]    SWDTEN_bit
0x0105       [1]    WDTCON
0x0105       [0]    WDTPS3_bit
0x0107       [1]    CM1CON0
0x0107       [0]    C1CH0_bit
0x0107       [0]    C1POL_bit
0x0107       [0]    C1OUT_bit
0x0107       [0]    C1ON_bit
0x0107       [0]    C1OE_bit
0x0107       [0]    C1CH1_bit
0x0107       [0]    C1R_bit
0x0108       [0]    C2CH1_bit
0x0108       [0]    C2POL_bit
0x0108       [0]    C2R_bit
0x0108       [1]    CM2CON0
0x0108       [0]    C2ON_bit
0x0108       [0]    C2OUT_bit
0x0108       [0]    C2OE_bit
0x0108       [0]    C2CH0_bit
0x0109       [0]    C2RSEL_bit
0x0109       [0]    T1GSS_bit
0x0109       [0]    C2SYNC_bit
0x0109       [0]    MC1OUT_bit
0x0109       [0]    MC2OUT_bit
0x0109       [0]    C1RSEL_bit
0x0109       [1]    CM2CON1
0x010C       [1]    EEDAT
0x010C       [1]    EEDATA
0x010D       [1]    EEADR
0x010E       [1]    EEDATH
0x010F       [1]    EEADRH
0x0110       [1]    FARG_Lcd_Out_row
0x0110       [1]    FARG_Lcd_Chr_row
0x0111       [1]    FARG_Lcd_Chr_column
0x0111       [1]    FARG_Lcd_Out_column
0x0112       [1]    FARG_Lcd_Out_text
0x0112       [1]    FARG_Lcd_Chr_out_char
0x0113       [1]    FARG_Lcd_Chr_CP_out_char
0x0114       [1]    FARG_Lcd_Cmd_out_char
0x0185       [0]    C2REN_bit
0x0185       [0]    C1SEN_bit
0x0185       [0]    PULSS_bit
0x0185       [0]    FVREN_bit
0x0185       [0]    PULSR_bit
0x0185       [0]    SR0_bit
0x0185       [1]    SRCON
0x0185       [0]    SR1_bit
0x0187       [0]    ABDEN_bit
0x0187       [0]    SCKP_bit
0x0187       [0]    BRG16_bit
0x0187       [0]    WUE_bit
0x0187       [0]    RCIDL_bit
0x0187       [1]    BAUDCTL
0x0187       [0]    ABDOVF_bit
0x0188       [0]    ANS3_bit
0x0188       [0]    ANS4_bit
0x0188       [0]    ANS2_bit
0x0188       [0]    ANS0_bit
0x0188       [0]    ANS1_bit
0x0188       [0]    ANS7_bit
0x0188       [1]    ANSEL
0x0188       [0]    ANS5_bit
0x0188       [0]    ANS6_bit
0x0189       [0]    ANS10_bit
0x0189       [0]    ANS9_bit
0x0189       [0]    ANS8_bit
0x0189       [0]    ANS11_bit
0x0189       [1]    ANSELH
0x0189       [0]    ANS13_bit
0x0189       [0]    ANS12_bit
0x018C       [0]    WR_bit
0x018C       [0]    RD_bit
0x018C       [0]    WREN_bit
0x018C       [1]    EECON1
0x018C       [0]    EEPGD_bit
0x018C       [0]    WRERR_bit
0x018D       [1]    EECON2
//** Constants locations ** 
//ADDRESS    SIZE    CONSTANT
//----------------------------------------------
0x043A       [1]    ?ICS_a
0x043B      [12]    ?ICS_txt2
0x0447      [12]    ?ICS_txt4
0x0453      [14]    ?ICS_txt5
0x0461      [12]    ?ICS_txt3
0x046D      [14]    ?ICS_txt1
0x047B       [7]    ?ICS_txt12
0x0482      [13]    ?ICS_txt11
0x048F      [16]    ?ICS_txt9
0x049F      [13]    ?ICS_txt8
0x04AC      [14]    ?ICS_txt7
0x04BA      [14]    ?ICS_txt6
0x04C8       [5]    ?ICS_txt10
//** Label List: ** 
//----------------------------------------------
  L_interrupt0
  ___main_abc
  L_main1
  L_main2
  L_main3
  L_main4
  L_main5
  L_main6
  L_main7
  L_main8
  L_main9
  L_main10
  L_main11
  L_main12
  L_main13
  L_system14
  L_system15
  L_system16
  L_system17
  L_system18
  L_system19
  L_system20
  L_system21
  L_system22
  L_system23
  L_system24
  L_system25
  L_system26
  L_system27
  L_system28
  L_system29
  L_system30
  L__main31
  _interrupt
  L__interrupt32
  _RBINT_ISR
  _main
  _system
  L_Delay_10us0
  L_Delay_22us1
  L_Delay_50us2
  L_Delay_80us3
  L_Delay_500us4
  L_Delay_5500us5
  L_Delay_8ms6
  L_Delay_5ms7
  L_Delay_100ms8
  L_Delay_1sec9
  L_boot16_Delay_5ms10
  L_Delay_Cyc11
  L_Delay_Cyc12
  L_VDelay_ms13
  L_VDelay_ms14
  L_VDelay_ms15
  L_VDelay_Advanced_ms16
  L_VDelay_Advanced_ms17
  L_VDelay_Advanced_ms18
  _Get_Fosc_kHz
  _Delay_1us
  _Delay_10us
  _Delay_22us
  _Delay_50us
  _Delay_80us
  _Delay_500us
  _Delay_5500us
  _Delay_8ms
  _Delay_5ms
  _Delay_100ms
  _Delay_1sec
  _boot16_Delay_5ms
  _Delay_Cyc
  _VDelay_ms
  L__VDelay_ms19
  L__VDelay_ms20
  L__VDelay_ms21
  _VDelay_Advanced_ms
  L__VDelay_Advanced_ms22
  L__VDelay_Advanced_ms23
  L__VDelay_Advanced_ms24
  L_Lcd_Cmd0
  L_Lcd_Cmd1
  L_Lcd_Out_CP2
  L_Lcd_Out_CP3
  L_Lcd_Chr4
  L_Lcd_Chr5
  L_Lcd_Chr6
  L_Lcd_Chr7
  L_Lcd_Chr8
  L_Lcd_Chr9
  L_Lcd_Chr10
  L_Lcd_Out11
  L_Lcd_Out12
  L_Lcd_Out13
  L_Lcd_Out14
  L_Lcd_Out15
  L_Lcd_Out16
  L_Lcd_Out17
  L_Lcd_Out18
  L_Lcd_Out19
  _Lcd_Cmd
  L__Lcd_Cmd20
  L__Lcd_Cmd21
  L__Lcd_Cmd22
  L__Lcd_Cmd23
  L__Lcd_Cmd24
  L__Lcd_Cmd25
  L__Lcd_Cmd26
  L__Lcd_Cmd27
  L__Lcd_Cmd28
  L__Lcd_Cmd29
  L__Lcd_Cmd30
  L__Lcd_Cmd31
  L__Lcd_Cmd32
  L__Lcd_Cmd33
  L__Lcd_Cmd34
  L__Lcd_Cmd35
  L__Lcd_Cmd36
  L__Lcd_Cmd37
  L__Lcd_Cmd38
  L__Lcd_Cmd39
  _Lcd_Chr_CP
  _Lcd_Out_CP
  _Lcd_Chr
  _Lcd_Init
  _Lcd_Out
  L_Div_16x16_S0
  L_Div_16x16_S1
  LOOPS3232A
  SADD22LA
  SOK22LA
  SADD22L8
  SOK22L8
  LOOPS3232B
  SADD22LB
  SOK22LB
  SADD22L16
  SOK22L16
  LOOPS3232C
  SADD22LC
  SOK22LC
  SADD22L24
  SOK22L24
  LOOPS3232D
  SADD22LD
  SOK22LD
  SOK22L
  L_Div_32x32_S6
  L_Div_32x32_S7
  L_Div_32x32_S8
  L_Div_32x32_S9
  FXD3232S
  END_ALL
  CA3232S
  C3232SX
  C3232SX1
  C3232S
  C3232S2
  C3232SX4
  C3232SOK
  C3232SX3
  C3232SX2
  avoid_comfrem
  LOOPU3232A
  UADD22LA
  UOK22LA
  UADD22L8
  UOK22L8
  LOOPU3232B
  UADD22LB
  UOK22LB
  UADD22L16
  UOK22L16
  LOOPU3232C
  UADD22LC
  UOK22LC
  UADD22L24
  UOK22L24
  LOOPU3232D
  UADD22LD
  UOK22LD
  UOK22L
  _NEXT
  _EXIT2
  _LOOP
  _EXIT1
  _IF_FIRST
  _IF_SECOND
  _INVERCE_FIRST
  _MULT
  _INBERSE_SECOND
  _EXIT
  _Mul_8x8_U
  _Mul_16x16_U
  _Div_8x8_U
  _Div_16x16_U
  _Mul_8x8_S
  _Mul_16x16_S
  _Div_16x16_S_L
  _Div_16x16_S
  _Div_8x8_S
  _SDIV3232L
  _COMFREM
  _Div_32x32_S
  _Div_32x32_U
  _Mul_32x32_U
  _Mul_32x32_S
  _CC2D_Loop1
  _____DoICP
  _____DoIFC
  ___CC2DW
  _Swap
  L_interrupt0
  ___main_abc
  L_main1
  L_main2
  L_main3
  L_main4
  L_main5
  L_main6
  L_main7
  L_main8
  L_main9
  L_main10
  L_main11
  L_main12
  L_main13
  L_system14
  L_system15
  L_system16
  L_system17
  L_system18
  L_system19
  L_system20
  L_system21
  L_system22
  L_system23
  L_system24
  L_system25
  L_system26
  L_system27
  L_system28
  L_system29
  L_system30
  L__main31
  _interrupt
  L__interrupt32
  _RBINT_ISR
  _main
  _system
